<?xml version="1.0" encoding="UTF-8"?>
<coverage generated="1745576060">
  <project timestamp="1745576060">
    <file name="/var/www/html/src/Decoder/Decoder.php">
      <class name="Soandso\Synop\Decoder\Decoder" namespace="global">
        <metrics complexity="3" methods="3" coveredmethods="3" conditionals="0" coveredconditionals="0" statements="4" coveredstatements="4" elements="7" coveredelements="7"/>
      </class>
      <line num="33" type="method" name="block" visibility="public" complexity="1" crap="1" count="271"/>
      <line num="35" type="stmt" count="271"/>
      <line num="43" type="method" name="endBlock" visibility="public" complexity="1" crap="1" count="195"/>
      <line num="45" type="stmt" count="195"/>
      <line num="54" type="method" name="updateReport" visibility="public" complexity="1" crap="1" count="221"/>
      <line num="56" type="stmt" count="221"/>
      <line num="57" type="stmt" count="221"/>
      <metrics loc="60" ncloc="33" classes="1" methods="3" coveredmethods="3" conditionals="0" coveredconditionals="0" statements="4" coveredstatements="4" elements="7" coveredelements="7"/>
    </file>
    <file name="/var/www/html/src/Decoder/DecoderInterface.php">
      <metrics loc="31" ncloc="13" classes="0" methods="0" coveredmethods="0" conditionals="0" coveredconditionals="0" statements="0" coveredstatements="0" elements="0" coveredelements="0"/>
    </file>
    <file name="/var/www/html/src/Decoder/GeneralDecoder.php">
      <class name="Soandso\Synop\Decoder\GeneralDecoder" namespace="global">
        <metrics complexity="108" methods="31" coveredmethods="26" conditionals="0" coveredconditionals="0" statements="273" coveredstatements="267" elements="304" coveredelements="293"/>
      </class>
      <line num="70" type="method" name="__construct" visibility="public" complexity="1" crap="1" count="244"/>
      <line num="72" type="stmt" count="244"/>
      <line num="73" type="stmt" count="244"/>
      <line num="74" type="stmt" count="244"/>
      <line num="75" type="stmt" count="244"/>
      <line num="76" type="stmt" count="244"/>
      <line num="86" type="method" name="isGroup" visibility="public" complexity="1" crap="1" count="217"/>
      <line num="88" type="stmt" count="217"/>
      <line num="96" type="method" name="parse" visibility="public" complexity="1" crap="1" count="189"/>
      <line num="98" type="stmt" count="189"/>
      <line num="108" type="method" name="putSection" visibility="private" complexity="1" crap="1" count="244"/>
      <line num="110" type="stmt" count="244"/>
      <line num="112" type="stmt" count="244"/>
      <line num="122" type="method" name="putInSection" visibility="private" complexity="2" crap="2" count="203"/>
      <line num="124" type="stmt" count="203"/>
      <line num="125" type="stmt" count="200"/>
      <line num="127" type="stmt" count="191"/>
      <line num="128" type="stmt" count="191"/>
      <line num="131" type="stmt" count="203"/>
      <line num="140" type="method" name="getSectionByTitle" visibility="private" complexity="1" crap="1" count="193"/>
      <line num="142" type="stmt" count="193"/>
      <line num="153" type="method" name="getType" visibility="public" complexity="3" crap="3.01" count="190"/>
      <line num="155" type="stmt" count="190"/>
      <line num="156" type="stmt" count="190"/>
      <line num="157" type="stmt" count="1"/>
      <line num="159" type="stmt" count="189"/>
      <line num="160" type="stmt" count="189"/>
      <line num="161" type="stmt" count="189"/>
      <line num="164" type="stmt" count="189"/>
      <line num="165" type="stmt" count="0"/>
      <line num="169" type="stmt" count="189"/>
      <line num="170" type="stmt" count="189"/>
      <line num="180" type="method" name="getShipSign" visibility="public" complexity="4" crap="4.37" count="190"/>
      <line num="182" type="stmt" count="190"/>
      <line num="183" type="stmt" count="189"/>
      <line num="185" type="stmt" count="1"/>
      <line num="186" type="stmt" count="1"/>
      <line num="187" type="stmt" count="0"/>
      <line num="188" type="stmt" count="0"/>
      <line num="190" type="stmt" count="1"/>
      <line num="201" type="method" name="getYYGGiw" visibility="public" complexity="3" crap="3" count="189"/>
      <line num="203" type="stmt" count="189"/>
      <line num="204" type="stmt" count="189"/>
      <line num="205" type="stmt" count="189"/>
      <line num="209" type="stmt" count="189"/>
      <line num="210" type="stmt" count="189"/>
      <line num="220" type="method" name="getIIiii" visibility="public" complexity="3" crap="3" count="189"/>
      <line num="222" type="stmt" count="189"/>
      <line num="223" type="stmt" count="189"/>
      <line num="224" type="stmt" count="189"/>
      <line num="228" type="stmt" count="189"/>
      <line num="229" type="stmt" count="189"/>
      <line num="238" type="method" name="get99LaLaLa" visibility="public" complexity="2" crap="2" count="189"/>
      <line num="240" type="stmt" count="189"/>
      <line num="243" type="stmt" count="189"/>
      <line num="252" type="method" name="getQcL0L0L0L0" visibility="public" complexity="2" crap="2" count="189"/>
      <line num="254" type="stmt" count="189"/>
      <line num="257" type="stmt" count="189"/>
      <line num="267" type="method" name="getirixhVV" visibility="public" complexity="3" crap="3" count="189"/>
      <line num="269" type="stmt" count="189"/>
      <line num="270" type="stmt" count="189"/>
      <line num="271" type="stmt" count="189"/>
      <line num="275" type="stmt" count="189"/>
      <line num="276" type="stmt" count="189"/>
      <line num="286" type="method" name="getNddff" visibility="public" complexity="3" crap="3" count="189"/>
      <line num="288" type="stmt" count="189"/>
      <line num="289" type="stmt" count="189"/>
      <line num="290" type="stmt" count="189"/>
      <line num="294" type="stmt" count="189"/>
      <line num="295" type="stmt" count="189"/>
      <line num="305" type="method" name="get1SnTTT" visibility="public" complexity="6" crap="6" count="191"/>
      <line num="307" type="stmt" count="191"/>
      <line num="308" type="stmt" count="191"/>
      <line num="309" type="stmt" count="191"/>
      <line num="310" type="stmt" count="191"/>
      <line num="311" type="stmt" count="1"/>
      <line num="314" type="stmt" count="190"/>
      <line num="315" type="stmt" count="190"/>
      <line num="316" type="stmt" count="189"/>
      <line num="317" type="stmt" count="189"/>
      <line num="319" type="stmt" count="190"/>
      <line num="324" type="stmt" count="190"/>
      <line num="325" type="stmt" count="189"/>
      <line num="326" type="stmt" count="189"/>
      <line num="328" type="stmt" count="1"/>
      <line num="339" type="method" name="get2SnTdTdTd" visibility="public" complexity="6" crap="6" count="191"/>
      <line num="341" type="stmt" count="191"/>
      <line num="342" type="stmt" count="191"/>
      <line num="343" type="stmt" count="191"/>
      <line num="344" type="stmt" count="191"/>
      <line num="345" type="stmt" count="1"/>
      <line num="348" type="stmt" count="190"/>
      <line num="349" type="stmt" count="190"/>
      <line num="350" type="stmt" count="189"/>
      <line num="351" type="stmt" count="190"/>
      <line num="356" type="stmt" count="190"/>
      <line num="357" type="stmt" count="189"/>
      <line num="358" type="stmt" count="189"/>
      <line num="360" type="stmt" count="1"/>
      <line num="371" type="method" name="get3P0P0P0P0" visibility="public" complexity="6" crap="6" count="191"/>
      <line num="373" type="stmt" count="191"/>
      <line num="374" type="stmt" count="191"/>
      <line num="375" type="stmt" count="191"/>
      <line num="376" type="stmt" count="191"/>
      <line num="377" type="stmt" count="1"/>
      <line num="380" type="stmt" count="190"/>
      <line num="381" type="stmt" count="190"/>
      <line num="382" type="stmt" count="189"/>
      <line num="383" type="stmt" count="190"/>
      <line num="388" type="stmt" count="190"/>
      <line num="389" type="stmt" count="189"/>
      <line num="390" type="stmt" count="189"/>
      <line num="392" type="stmt" count="1"/>
      <line num="403" type="method" name="get4PPPP" visibility="public" complexity="6" crap="6" count="191"/>
      <line num="405" type="stmt" count="191"/>
      <line num="406" type="stmt" count="191"/>
      <line num="407" type="stmt" count="191"/>
      <line num="408" type="stmt" count="191"/>
      <line num="409" type="stmt" count="1"/>
      <line num="412" type="stmt" count="190"/>
      <line num="413" type="stmt" count="190"/>
      <line num="414" type="stmt" count="189"/>
      <line num="415" type="stmt" count="190"/>
      <line num="420" type="stmt" count="190"/>
      <line num="421" type="stmt" count="189"/>
      <line num="422" type="stmt" count="189"/>
      <line num="424" type="stmt" count="1"/>
      <line num="435" type="method" name="get5appp" visibility="public" complexity="6" crap="6" count="191"/>
      <line num="437" type="stmt" count="191"/>
      <line num="438" type="stmt" count="191"/>
      <line num="439" type="stmt" count="191"/>
      <line num="440" type="stmt" count="191"/>
      <line num="441" type="stmt" count="1"/>
      <line num="444" type="stmt" count="190"/>
      <line num="445" type="stmt" count="190"/>
      <line num="446" type="stmt" count="189"/>
      <line num="447" type="stmt" count="190"/>
      <line num="452" type="stmt" count="190"/>
      <line num="453" type="stmt" count="189"/>
      <line num="454" type="stmt" count="189"/>
      <line num="456" type="stmt" count="1"/>
      <line num="467" type="method" name="get6RRRtr" visibility="public" complexity="6" crap="6" count="191"/>
      <line num="469" type="stmt" count="191"/>
      <line num="470" type="stmt" count="191"/>
      <line num="471" type="stmt" count="191"/>
      <line num="472" type="stmt" count="191"/>
      <line num="473" type="stmt" count="1"/>
      <line num="476" type="stmt" count="190"/>
      <line num="477" type="stmt" count="190"/>
      <line num="478" type="stmt" count="189"/>
      <line num="479" type="stmt" count="190"/>
      <line num="484" type="stmt" count="190"/>
      <line num="485" type="stmt" count="189"/>
      <line num="486" type="stmt" count="189"/>
      <line num="488" type="stmt" count="1"/>
      <line num="499" type="method" name="get7wwW1W2" visibility="public" complexity="6" crap="6" count="191"/>
      <line num="501" type="stmt" count="191"/>
      <line num="502" type="stmt" count="191"/>
      <line num="503" type="stmt" count="191"/>
      <line num="504" type="stmt" count="191"/>
      <line num="505" type="stmt" count="1"/>
      <line num="508" type="stmt" count="190"/>
      <line num="509" type="stmt" count="190"/>
      <line num="510" type="stmt" count="189"/>
      <line num="511" type="stmt" count="190"/>
      <line num="516" type="stmt" count="190"/>
      <line num="517" type="stmt" count="189"/>
      <line num="518" type="stmt" count="189"/>
      <line num="520" type="stmt" count="1"/>
      <line num="531" type="method" name="get8NhClCmCh" visibility="public" complexity="6" crap="6" count="191"/>
      <line num="533" type="stmt" count="191"/>
      <line num="534" type="stmt" count="191"/>
      <line num="535" type="stmt" count="191"/>
      <line num="536" type="stmt" count="191"/>
      <line num="537" type="stmt" count="1"/>
      <line num="540" type="stmt" count="190"/>
      <line num="541" type="stmt" count="190"/>
      <line num="542" type="stmt" count="189"/>
      <line num="543" type="stmt" count="190"/>
      <line num="548" type="stmt" count="190"/>
      <line num="549" type="stmt" count="189"/>
      <line num="550" type="stmt" count="189"/>
      <line num="552" type="stmt" count="1"/>
      <line num="560" type="method" name="get9hh" visibility="public" complexity="6" crap="6" count="3"/>
      <line num="562" type="stmt" count="3"/>
      <line num="563" type="stmt" count="3"/>
      <line num="564" type="stmt" count="3"/>
      <line num="565" type="stmt" count="3"/>
      <line num="566" type="stmt" count="1"/>
      <line num="569" type="stmt" count="2"/>
      <line num="570" type="stmt" count="2"/>
      <line num="571" type="stmt" count="2"/>
      <line num="576" type="stmt" count="2"/>
      <line num="577" type="stmt" count="1"/>
      <line num="578" type="stmt" count="1"/>
      <line num="580" type="stmt" count="1"/>
      <line num="590" type="method" name="get222DsVs" visibility="public" complexity="5" crap="5.00" count="189"/>
      <line num="592" type="stmt" count="189"/>
      <line num="594" type="stmt" count="189"/>
      <line num="595" type="stmt" count="1"/>
      <line num="596" type="stmt" count="1"/>
      <line num="597" type="stmt" count="1"/>
      <line num="598" type="stmt" count="1"/>
      <line num="599" type="stmt" count="1"/>
      <line num="600" type="stmt" count="1"/>
      <line num="601" type="stmt" count="1"/>
      <line num="602" type="stmt" count="1"/>
      <line num="603" type="stmt" count="1"/>
      <line num="604" type="stmt" count="1"/>
      <line num="605" type="stmt" count="1"/>
      <line num="606" type="stmt" count="1"/>
      <line num="607" type="stmt" count="1"/>
      <line num="608" type="stmt" count="1"/>
      <line num="611" type="stmt" count="188"/>
      <line num="614" type="stmt" count="0"/>
      <line num="622" type="method" name="getTwoPipes" visibility="public" complexity="1" crap="1" count="3"/>
      <line num="624" type="stmt" count="3"/>
      <line num="625" type="stmt" count="3"/>
      <line num="626" type="stmt" count="3"/>
      <line num="627" type="stmt" count="3"/>
      <line num="628" type="stmt" count="3"/>
      <line num="629" type="stmt" count="3"/>
      <line num="630" type="stmt" count="3"/>
      <line num="631" type="stmt" count="3"/>
      <line num="632" type="stmt" count="3"/>
      <line num="633" type="stmt" count="3"/>
      <line num="634" type="stmt" count="3"/>
      <line num="643" type="method" name="get333" visibility="public" complexity="5" crap="5.00" count="189"/>
      <line num="645" type="stmt" count="189"/>
      <line num="647" type="stmt" count="189"/>
      <line num="648" type="stmt" count="189"/>
      <line num="649" type="stmt" count="189"/>
      <line num="650" type="stmt" count="189"/>
      <line num="651" type="stmt" count="189"/>
      <line num="652" type="stmt" count="189"/>
      <line num="653" type="stmt" count="189"/>
      <line num="654" type="stmt" count="189"/>
      <line num="656" type="stmt" count="189"/>
      <line num="657" type="stmt" count="189"/>
      <line num="658" type="stmt" count="189"/>
      <line num="659" type="stmt" count="189"/>
      <line num="660" type="stmt" count="189"/>
      <line num="661" type="stmt" count="189"/>
      <line num="663" type="stmt" count="189"/>
      <line num="664" type="stmt" count="189"/>
      <line num="670" type="stmt" count="0"/>
      <line num="678" type="method" name="getThreePipes" visibility="public" complexity="1" crap="1" count="191"/>
      <line num="680" type="stmt" count="191"/>
      <line num="681" type="stmt" count="191"/>
      <line num="682" type="stmt" count="191"/>
      <line num="683" type="stmt" count="191"/>
      <line num="684" type="stmt" count="191"/>
      <line num="685" type="stmt" count="191"/>
      <line num="686" type="stmt" count="191"/>
      <line num="687" type="stmt" count="191"/>
      <line num="688" type="stmt" count="191"/>
      <line num="689" type="stmt" count="191"/>
      <line num="698" type="method" name="get444" visibility="public" complexity="5" crap="5" count="189"/>
      <line num="700" type="stmt" count="189"/>
      <line num="702" type="stmt" count="189"/>
      <line num="703" type="stmt" count="189"/>
      <line num="704" type="stmt" count="189"/>
      <line num="705" type="stmt" count="1"/>
      <line num="706" type="stmt" count="1"/>
      <line num="707" type="stmt" count="1"/>
      <line num="708" type="stmt" count="1"/>
      <line num="709" type="stmt" count="1"/>
      <line num="711" type="stmt" count="1"/>
      <line num="712" type="stmt" count="1"/>
      <line num="713" type="stmt" count="1"/>
      <line num="714" type="stmt" count="1"/>
      <line num="715" type="stmt" count="1"/>
      <line num="717" type="stmt" count="1"/>
      <line num="718" type="stmt" count="189"/>
      <line num="724" type="stmt" count="188"/>
      <line num="732" type="method" name="getFourPipes" visibility="public" complexity="1" crap="1" count="3"/>
      <line num="734" type="stmt" count="3"/>
      <line num="744" type="method" name="get555" visibility="public" complexity="5" crap="5.01" count="189"/>
      <line num="746" type="stmt" count="189"/>
      <line num="747" type="stmt" count="189"/>
      <line num="748" type="stmt" count="189"/>
      <line num="749" type="stmt" count="189"/>
      <line num="750" type="stmt" count="189"/>
      <line num="751" type="stmt" count="189"/>
      <line num="752" type="stmt" count="189"/>
      <line num="753" type="stmt" count="189"/>
      <line num="754" type="stmt" count="189"/>
      <line num="756" type="stmt" count="189"/>
      <line num="757" type="stmt" count="189"/>
      <line num="758" type="stmt" count="189"/>
      <line num="759" type="stmt" count="189"/>
      <line num="760" type="stmt" count="189"/>
      <line num="762" type="stmt" count="189"/>
      <line num="763" type="stmt" count="189"/>
      <line num="769" type="stmt" count="0"/>
      <line num="777" type="method" name="getFivePipes" visibility="public" complexity="1" crap="1" count="191"/>
      <line num="779" type="stmt" count="191"/>
      <line num="780" type="stmt" count="191"/>
      <line num="781" type="stmt" count="191"/>
      <line num="782" type="stmt" count="191"/>
      <line num="783" type="stmt" count="191"/>
      <line num="784" type="stmt" count="191"/>
      <line num="785" type="stmt" count="191"/>
      <line num="786" type="stmt" count="191"/>
      <metrics loc="789" ncloc="549" classes="1" methods="31" coveredmethods="26" conditionals="0" coveredconditionals="0" statements="273" coveredstatements="267" elements="304" coveredelements="293"/>
    </file>
    <file name="/var/www/html/src/Decoder/GroupDecoder/AdditionalCloudInformationDecoder.php">
      <class name="Soandso\Synop\Decoder\GroupDecoder\AdditionalCloudInformationDecoder" namespace="global">
        <metrics complexity="35" methods="19" coveredmethods="17" conditionals="0" coveredconditionals="0" statements="65" coveredstatements="57" elements="84" coveredelements="74"/>
      </class>
      <line num="72" type="method" name="__construct" visibility="public" complexity="1" crap="1" count="105"/>
      <line num="74" type="stmt" count="105"/>
      <line num="85" type="method" name="isGroup" visibility="public" complexity="2" crap="2" count="56"/>
      <line num="87" type="stmt" count="56"/>
      <line num="89" type="stmt" count="56"/>
      <line num="90" type="stmt" count="55"/>
      <line num="91" type="stmt" count="55"/>
      <line num="92" type="stmt" count="55"/>
      <line num="93" type="stmt" count="55"/>
      <line num="94" type="stmt" count="55"/>
      <line num="95" type="stmt" count="55"/>
      <line num="96" type="stmt" count="55"/>
      <line num="97" type="stmt" count="55"/>
      <line num="98" type="stmt" count="55"/>
      <line num="101" type="stmt" count="1"/>
      <line num="110" type="method" name="getCodeAmountCloud" visibility="public" complexity="3" crap="3" count="62"/>
      <line num="112" type="stmt" count="62"/>
      <line num="113" type="stmt" count="62"/>
      <line num="114" type="stmt" count="59"/>
      <line num="115" type="stmt" count="3"/>
      <line num="116" type="stmt" count="2"/>
      <line num="118" type="stmt" count="1"/>
      <line num="128" type="method" name="getAmountCloud" visibility="public" complexity="2" crap="2" count="58"/>
      <line num="130" type="stmt" count="58"/>
      <line num="131" type="stmt" count="58"/>
      <line num="132" type="stmt" count="1"/>
      <line num="135" type="stmt" count="57"/>
      <line num="144" type="method" name="getFormCloud" visibility="public" complexity="2" crap="2" count="58"/>
      <line num="146" type="stmt" count="58"/>
      <line num="147" type="stmt" count="58"/>
      <line num="148" type="stmt" count="57"/>
      <line num="150" type="stmt" count="1"/>
      <line num="159" type="method" name="getCodeHeightCloud" visibility="public" complexity="2" crap="2" count="63"/>
      <line num="161" type="stmt" count="63"/>
      <line num="162" type="stmt" count="63"/>
      <line num="163" type="stmt" count="5"/>
      <line num="166" type="stmt" count="58"/>
      <line num="175" type="method" name="getHeightCloud" visibility="public" complexity="9" crap="9.29" count="59"/>
      <line num="177" type="stmt" count="59"/>
      <line num="178" type="stmt" count="59"/>
      <line num="179" type="stmt" count="3"/>
      <line num="182" type="stmt" count="56"/>
      <line num="183" type="stmt" count="1"/>
      <line num="186" type="stmt" count="55"/>
      <line num="187" type="stmt" count="55"/>
      <line num="188" type="stmt" count="54"/>
      <line num="189" type="stmt" count="1"/>
      <line num="190" type="stmt" count="0"/>
      <line num="191" type="stmt" count="1"/>
      <line num="192" type="stmt" count="0"/>
      <line num="194" type="stmt" count="1"/>
      <line num="204" type="method" name="get0050Height" visibility="public" complexity="2" crap="2" count="57"/>
      <line num="206" type="stmt" count="57"/>
      <line num="207" type="stmt" count="1"/>
      <line num="210" type="stmt" count="56"/>
      <line num="219" type="method" name="get5080Height" visibility="public" complexity="1" crap="1" count="2"/>
      <line num="221" type="stmt" count="2"/>
      <line num="230" type="method" name="get8189Height" visibility="public" complexity="2" crap="2" count="3"/>
      <line num="232" type="stmt" count="3"/>
      <line num="233" type="stmt" count="1"/>
      <line num="236" type="stmt" count="2"/>
      <line num="244" type="method" name="getIndicatorGroup" visibility="public" complexity="1" crap="1" count="2"/>
      <line num="246" type="stmt" count="2"/>
      <line num="254" type="method" name="getAmountCloudLayerIndicator" visibility="public" complexity="1" crap="1" count="2"/>
      <line num="256" type="stmt" count="2"/>
      <line num="264" type="method" name="getFormCloudIndicator" visibility="public" complexity="1" crap="1" count="2"/>
      <line num="266" type="stmt" count="2"/>
      <line num="274" type="method" name="getHeightCloudIndicator" visibility="public" complexity="1" crap="1" count="2"/>
      <line num="276" type="stmt" count="2"/>
      <line num="279" type="method" name="getGroupIndicators" visibility="public" complexity="1" crap="2" count="0"/>
      <line num="281" type="stmt" count="0"/>
      <line num="282" type="stmt" count="0"/>
      <line num="283" type="stmt" count="0"/>
      <line num="284" type="stmt" count="0"/>
      <line num="285" type="stmt" count="0"/>
      <line num="286" type="stmt" count="0"/>
      <line num="294" type="method" name="getCodeFigureIndicator" visibility="private" complexity="1" crap="1" count="58"/>
      <line num="296" type="stmt" count="58"/>
      <line num="304" type="method" name="getCodeFigureAmount" visibility="private" complexity="1" crap="1" count="58"/>
      <line num="306" type="stmt" count="58"/>
      <line num="314" type="method" name="getCodeFigureForm" visibility="private" complexity="1" crap="1" count="58"/>
      <line num="316" type="stmt" count="58"/>
      <line num="324" type="method" name="getCodeFigureHeight" visibility="private" complexity="1" crap="1" count="58"/>
      <line num="326" type="stmt" count="58"/>
      <metrics loc="329" ncloc="216" classes="1" methods="19" coveredmethods="17" conditionals="0" coveredconditionals="0" statements="65" coveredstatements="57" elements="84" coveredelements="74"/>
    </file>
    <file name="/var/www/html/src/Decoder/GroupDecoder/AirTemperatureDecoder.php">
      <class name="Soandso\Synop\Decoder\GroupDecoder\AirTemperatureDecoder" namespace="global">
        <metrics complexity="13" methods="11" coveredmethods="10" conditionals="0" coveredconditionals="0" statements="32" coveredstatements="27" elements="43" coveredelements="37"/>
      </class>
      <line num="29" type="method" name="__construct" visibility="public" complexity="2" crap="2" count="275"/>
      <line num="31" type="stmt" count="275"/>
      <line num="32" type="stmt" count="275"/>
      <line num="43" type="method" name="isGroup" visibility="public" complexity="2" crap="2" count="226"/>
      <line num="45" type="stmt" count="226"/>
      <line num="47" type="stmt" count="226"/>
      <line num="48" type="stmt" count="225"/>
      <line num="49" type="stmt" count="225"/>
      <line num="50" type="stmt" count="225"/>
      <line num="51" type="stmt" count="225"/>
      <line num="52" type="stmt" count="225"/>
      <line num="53" type="stmt" count="225"/>
      <line num="54" type="stmt" count="225"/>
      <line num="55" type="stmt" count="225"/>
      <line num="56" type="stmt" count="225"/>
      <line num="58" type="stmt" count="225"/>
      <line num="61" type="stmt" count="1"/>
      <line num="69" type="method" name="getSignTemperature" visibility="public" complexity="1" crap="1" count="239"/>
      <line num="71" type="stmt" count="239"/>
      <line num="79" type="method" name="getTemperatureValue" visibility="public" complexity="1" crap="1" count="239"/>
      <line num="81" type="stmt" count="239"/>
      <line num="82" type="stmt" count="239"/>
      <line num="83" type="stmt" count="239"/>
      <line num="84" type="stmt" count="239"/>
      <line num="86" type="stmt" count="239"/>
      <line num="94" type="method" name="getIndicatorGroup" visibility="public" complexity="1" crap="1" count="2"/>
      <line num="96" type="stmt" count="2"/>
      <line num="104" type="method" name="getSignTemperatureIndicator" visibility="public" complexity="1" crap="1" count="2"/>
      <line num="106" type="stmt" count="2"/>
      <line num="114" type="method" name="getDryBulbTemperatureIndicator" visibility="public" complexity="1" crap="1" count="2"/>
      <line num="116" type="stmt" count="2"/>
      <line num="119" type="method" name="getGroupIndicators" visibility="public" complexity="1" crap="2" count="0"/>
      <line num="121" type="stmt" count="0"/>
      <line num="122" type="stmt" count="0"/>
      <line num="123" type="stmt" count="0"/>
      <line num="124" type="stmt" count="0"/>
      <line num="125" type="stmt" count="0"/>
      <line num="133" type="method" name="getCodeFigureDistNumber" visibility="public" complexity="1" crap="1" count="242"/>
      <line num="135" type="stmt" count="242"/>
      <line num="143" type="method" name="getCodeFigureSignTemperature" visibility="public" complexity="1" crap="1" count="242"/>
      <line num="145" type="stmt" count="242"/>
      <line num="153" type="method" name="getCodeFigureTemperature" visibility="public" complexity="1" crap="1" count="242"/>
      <line num="155" type="stmt" count="242"/>
      <metrics loc="158" ncloc="98" classes="1" methods="11" coveredmethods="10" conditionals="0" coveredconditionals="0" statements="32" coveredstatements="27" elements="43" coveredelements="37"/>
    </file>
    <file name="/var/www/html/src/Decoder/GroupDecoder/AmountRainfallDecoder.php">
      <class name="Soandso\Synop\Decoder\GroupDecoder\AmountRainfallDecoder" namespace="global">
        <metrics complexity="20" methods="14" coveredmethods="12" conditionals="0" coveredconditionals="0" statements="38" coveredstatements="32" elements="52" coveredelements="44"/>
      </class>
      <line num="42" type="method" name="__construct" visibility="public" complexity="1" crap="1" count="276"/>
      <line num="44" type="stmt" count="276"/>
      <line num="55" type="method" name="isGroup" visibility="public" complexity="2" crap="2" count="235"/>
      <line num="57" type="stmt" count="235"/>
      <line num="59" type="stmt" count="235"/>
      <line num="60" type="stmt" count="234"/>
      <line num="61" type="stmt" count="234"/>
      <line num="62" type="stmt" count="234"/>
      <line num="63" type="stmt" count="234"/>
      <line num="64" type="stmt" count="234"/>
      <line num="65" type="stmt" count="234"/>
      <line num="66" type="stmt" count="234"/>
      <line num="67" type="stmt" count="234"/>
      <line num="70" type="stmt" count="1"/>
      <line num="73" type="method" name="getAmountRainfall" visibility="public" complexity="3" crap="3" count="241"/>
      <line num="76" type="stmt" count="241"/>
      <line num="78" type="stmt" count="241"/>
      <line num="79" type="stmt" count="4"/>
      <line num="81" type="stmt" count="239"/>
      <line num="90" type="method" name="getDurationPeriodNumber" visibility="public" complexity="1" crap="1" count="236"/>
      <line num="92" type="stmt" count="236"/>
      <line num="101" type="method" name="getDurationPeriod" visibility="public" complexity="2" crap="2.06" count="236"/>
      <line num="103" type="stmt" count="236"/>
      <line num="105" type="stmt" count="236"/>
      <line num="106" type="stmt" count="0"/>
      <line num="109" type="stmt" count="236"/>
      <line num="118" type="method" name="valueWithTenths" visibility="public" complexity="2" crap="2" count="10"/>
      <line num="120" type="stmt" count="10"/>
      <line num="121" type="stmt" count="3"/>
      <line num="124" type="stmt" count="7"/>
      <line num="133" type="method" name="integerValues" visibility="public" complexity="2" crap="2" count="245"/>
      <line num="135" type="stmt" count="245"/>
      <line num="136" type="stmt" count="4"/>
      <line num="139" type="stmt" count="241"/>
      <line num="147" type="method" name="getIndicatorGroup" visibility="public" complexity="1" crap="1" count="2"/>
      <line num="149" type="stmt" count="2"/>
      <line num="157" type="method" name="getAmountRainfallIndicator" visibility="public" complexity="1" crap="1" count="2"/>
      <line num="159" type="stmt" count="2"/>
      <line num="167" type="method" name="getDurationPeriodIndicator" visibility="public" complexity="1" crap="1" count="2"/>
      <line num="169" type="stmt" count="2"/>
      <line num="172" type="method" name="getGroupIndicators" visibility="public" complexity="1" crap="2" count="0"/>
      <line num="174" type="stmt" count="0"/>
      <line num="175" type="stmt" count="0"/>
      <line num="176" type="stmt" count="0"/>
      <line num="177" type="stmt" count="0"/>
      <line num="178" type="stmt" count="0"/>
      <line num="186" type="method" name="getCodeFigureIndicator" visibility="private" complexity="1" crap="1" count="237"/>
      <line num="188" type="stmt" count="237"/>
      <line num="196" type="method" name="getCodeFigureAmount" visibility="private" complexity="1" crap="1" count="237"/>
      <line num="198" type="stmt" count="237"/>
      <line num="206" type="method" name="getCodeFigurePeriod" visibility="private" complexity="1" crap="1" count="237"/>
      <line num="208" type="stmt" count="237"/>
      <metrics loc="211" ncloc="135" classes="1" methods="14" coveredmethods="12" conditionals="0" coveredconditionals="0" statements="38" coveredstatements="32" elements="52" coveredelements="44"/>
    </file>
    <file name="/var/www/html/src/Decoder/GroupDecoder/BaricTendencyDecoder.php">
      <class name="Soandso\Synop\Decoder\GroupDecoder\BaricTendencyDecoder" namespace="global">
        <metrics complexity="12" methods="11" coveredmethods="9" conditionals="0" coveredconditionals="0" statements="27" coveredstatements="21" elements="38" coveredelements="30"/>
      </class>
      <line num="25" type="method" name="__construct" visibility="public" complexity="1" crap="1" count="243"/>
      <line num="27" type="stmt" count="243"/>
      <line num="38" type="method" name="isGroup" visibility="public" complexity="2" crap="2.01" count="222"/>
      <line num="40" type="stmt" count="222"/>
      <line num="42" type="stmt" count="222"/>
      <line num="43" type="stmt" count="222"/>
      <line num="44" type="stmt" count="222"/>
      <line num="45" type="stmt" count="222"/>
      <line num="46" type="stmt" count="222"/>
      <line num="47" type="stmt" count="222"/>
      <line num="49" type="stmt" count="222"/>
      <line num="52" type="stmt" count="0"/>
      <line num="60" type="method" name="getCharacteristicChange" visibility="public" complexity="1" crap="1" count="223"/>
      <line num="62" type="stmt" count="223"/>
      <line num="70" type="method" name="getBaricTendency" visibility="public" complexity="1" crap="1" count="223"/>
      <line num="72" type="stmt" count="223"/>
      <line num="73" type="stmt" count="223"/>
      <line num="74" type="stmt" count="223"/>
      <line num="75" type="stmt" count="223"/>
      <line num="77" type="stmt" count="223"/>
      <line num="85" type="method" name="getGetIndicatorGroup" visibility="public" complexity="1" crap="1" count="2"/>
      <line num="87" type="stmt" count="2"/>
      <line num="95" type="method" name="getCharacteristicChangeIndicator" visibility="public" complexity="1" crap="1" count="2"/>
      <line num="97" type="stmt" count="2"/>
      <line num="105" type="method" name="getPressureChangeIndicator" visibility="public" complexity="1" crap="1" count="2"/>
      <line num="107" type="stmt" count="2"/>
      <line num="110" type="method" name="getGroupIndicators" visibility="public" complexity="1" crap="2" count="0"/>
      <line num="112" type="stmt" count="0"/>
      <line num="113" type="stmt" count="0"/>
      <line num="114" type="stmt" count="0"/>
      <line num="115" type="stmt" count="0"/>
      <line num="116" type="stmt" count="0"/>
      <line num="124" type="method" name="getCodeFigureIndicator" visibility="private" complexity="1" crap="1" count="225"/>
      <line num="126" type="stmt" count="225"/>
      <line num="134" type="method" name="getCodeFigureCharacteristic" visibility="private" complexity="1" crap="1" count="225"/>
      <line num="136" type="stmt" count="225"/>
      <line num="144" type="method" name="getCodeFigureChange" visibility="private" complexity="1" crap="1" count="225"/>
      <line num="146" type="stmt" count="225"/>
      <metrics loc="149" ncloc="90" classes="1" methods="11" coveredmethods="9" conditionals="0" coveredconditionals="0" statements="27" coveredstatements="21" elements="38" coveredelements="30"/>
    </file>
    <file name="/var/www/html/src/Decoder/GroupDecoder/CloudPresentDecoder.php">
      <class name="Soandso\Synop\Decoder\GroupDecoder\CloudPresentDecoder" namespace="global">
        <metrics complexity="22" methods="17" coveredmethods="15" conditionals="0" coveredconditionals="0" statements="46" coveredstatements="38" elements="63" coveredelements="53"/>
      </class>
      <line num="127" type="method" name="__construct" visibility="public" complexity="1" crap="1" count="291"/>
      <line num="129" type="stmt" count="291"/>
      <line num="140" type="method" name="isGroup" visibility="public" complexity="2" crap="2" count="251"/>
      <line num="142" type="stmt" count="251"/>
      <line num="144" type="stmt" count="251"/>
      <line num="145" type="stmt" count="250"/>
      <line num="146" type="stmt" count="250"/>
      <line num="147" type="stmt" count="250"/>
      <line num="148" type="stmt" count="250"/>
      <line num="149" type="stmt" count="250"/>
      <line num="150" type="stmt" count="250"/>
      <line num="151" type="stmt" count="250"/>
      <line num="152" type="stmt" count="250"/>
      <line num="153" type="stmt" count="250"/>
      <line num="156" type="stmt" count="1"/>
      <line num="164" type="method" name="getAmountLowCloudSymbol" visibility="public" complexity="1" crap="1" count="257"/>
      <line num="166" type="stmt" count="257"/>
      <line num="175" type="method" name="getAmountLowCloud" visibility="public" complexity="2" crap="2" count="253"/>
      <line num="177" type="stmt" count="253"/>
      <line num="178" type="stmt" count="253"/>
      <line num="179" type="stmt" count="252"/>
      <line num="181" type="stmt" count="1"/>
      <line num="190" type="method" name="getFormLowCloudSymbol" visibility="public" complexity="1" crap="1" count="257"/>
      <line num="192" type="stmt" count="257"/>
      <line num="201" type="method" name="getFormLowCloud" visibility="public" complexity="2" crap="2" count="253"/>
      <line num="203" type="stmt" count="253"/>
      <line num="204" type="stmt" count="253"/>
      <line num="205" type="stmt" count="252"/>
      <line num="207" type="stmt" count="1"/>
      <line num="216" type="method" name="getFormMediumCloudSymbol" visibility="public" complexity="1" crap="1" count="256"/>
      <line num="218" type="stmt" count="256"/>
      <line num="227" type="method" name="getFormMediumCloud" visibility="public" complexity="2" crap="2.06" count="252"/>
      <line num="229" type="stmt" count="252"/>
      <line num="230" type="stmt" count="252"/>
      <line num="231" type="stmt" count="252"/>
      <line num="233" type="stmt" count="0"/>
      <line num="242" type="method" name="getFormHighCloudSymbol" visibility="public" complexity="1" crap="1" count="257"/>
      <line num="244" type="stmt" count="257"/>
      <line num="253" type="method" name="getFormHighCloud" visibility="public" complexity="2" crap="2" count="253"/>
      <line num="255" type="stmt" count="253"/>
      <line num="256" type="stmt" count="253"/>
      <line num="257" type="stmt" count="252"/>
      <line num="259" type="stmt" count="1"/>
      <line num="268" type="method" name="getGetIndicatorGroup" visibility="public" complexity="1" crap="1" count="2"/>
      <line num="270" type="stmt" count="2"/>
      <line num="278" type="method" name="getAmountCloudIndicator" visibility="public" complexity="1" crap="1" count="2"/>
      <line num="280" type="stmt" count="2"/>
      <line num="288" type="method" name="getFormLowCloudIndicator" visibility="public" complexity="1" crap="1" count="2"/>
      <line num="290" type="stmt" count="2"/>
      <line num="298" type="method" name="getFormMediumCloudIndicator" visibility="public" complexity="1" crap="1" count="2"/>
      <line num="300" type="stmt" count="2"/>
      <line num="308" type="method" name="getFormHighCloudIndicator" visibility="public" complexity="1" crap="1" count="2"/>
      <line num="310" type="stmt" count="2"/>
      <line num="313" type="method" name="getGroupIndicators" visibility="public" complexity="1" crap="2" count="0"/>
      <line num="315" type="stmt" count="0"/>
      <line num="316" type="stmt" count="0"/>
      <line num="317" type="stmt" count="0"/>
      <line num="318" type="stmt" count="0"/>
      <line num="319" type="stmt" count="0"/>
      <line num="320" type="stmt" count="0"/>
      <line num="321" type="stmt" count="0"/>
      <line num="329" type="method" name="getCodeFigure" visibility="private" complexity="1" crap="1" count="253"/>
      <line num="331" type="stmt" count="253"/>
      <metrics loc="334" ncloc="229" classes="1" methods="17" coveredmethods="15" conditionals="0" coveredconditionals="0" statements="46" coveredstatements="38" elements="63" coveredelements="53"/>
    </file>
    <file name="/var/www/html/src/Decoder/GroupDecoder/CloudWindDecoder.php">
      <class name="Soandso\Synop\Decoder\GroupDecoder\CloudWindDecoder" namespace="global">
        <metrics complexity="14" methods="13" coveredmethods="12" conditionals="0" coveredconditionals="0" statements="26" coveredstatements="21" elements="39" coveredelements="33"/>
      </class>
      <line num="37" type="method" name="__construct" visibility="public" complexity="1" crap="1" count="235"/>
      <line num="39" type="stmt" count="235"/>
      <line num="42" type="method" name="isGroup" visibility="public" complexity="1" crap="1" count="208"/>
      <line num="44" type="stmt" count="208"/>
      <line num="45" type="stmt" count="208"/>
      <line num="46" type="stmt" count="208"/>
      <line num="47" type="stmt" count="208"/>
      <line num="48" type="stmt" count="208"/>
      <line num="49" type="stmt" count="208"/>
      <line num="50" type="stmt" count="208"/>
      <line num="58" type="method" name="getN" visibility="public" complexity="2" crap="2" count="210"/>
      <line num="60" type="stmt" count="210"/>
      <line num="61" type="stmt" count="210"/>
      <line num="62" type="stmt" count="209"/>
      <line num="65" type="stmt" count="1"/>
      <line num="73" type="method" name="getDd" visibility="public" complexity="1" crap="1" count="209"/>
      <line num="75" type="stmt" count="209"/>
      <line num="83" type="method" name="getVv" visibility="public" complexity="1" crap="1" count="209"/>
      <line num="85" type="stmt" count="209"/>
      <line num="93" type="method" name="getTotalCloudIndicator" visibility="public" complexity="1" crap="1" count="2"/>
      <line num="95" type="stmt" count="2"/>
      <line num="103" type="method" name="getWindDirectionIndicator" visibility="public" complexity="1" crap="1" count="2"/>
      <line num="105" type="stmt" count="2"/>
      <line num="113" type="method" name="getWindSpeedIndicator" visibility="public" complexity="1" crap="1" count="1"/>
      <line num="115" type="stmt" count="1"/>
      <line num="118" type="method" name="getGroupIndicators" visibility="public" complexity="1" crap="2" count="0"/>
      <line num="120" type="stmt" count="0"/>
      <line num="121" type="stmt" count="0"/>
      <line num="122" type="stmt" count="0"/>
      <line num="123" type="stmt" count="0"/>
      <line num="124" type="stmt" count="0"/>
      <line num="132" type="method" name="getNData" visibility="private" complexity="1" crap="1" count="213"/>
      <line num="134" type="stmt" count="213"/>
      <line num="142" type="method" name="getCodeFigureN" visibility="private" complexity="1" crap="1" count="211"/>
      <line num="144" type="stmt" count="211"/>
      <line num="152" type="method" name="getCodeFigureDd" visibility="private" complexity="1" crap="1" count="211"/>
      <line num="154" type="stmt" count="211"/>
      <line num="162" type="method" name="getCodeFigureVv" visibility="private" complexity="1" crap="1" count="211"/>
      <line num="164" type="stmt" count="211"/>
      <metrics loc="167" ncloc="105" classes="1" methods="13" coveredmethods="12" conditionals="0" coveredconditionals="0" statements="26" coveredstatements="21" elements="39" coveredelements="33"/>
    </file>
    <file name="/var/www/html/src/Decoder/GroupDecoder/DateDecoder.php">
      <class name="Soandso\Synop\Decoder\GroupDecoder\DateDecoder" namespace="global">
        <metrics complexity="12" methods="11" coveredmethods="10" conditionals="0" coveredconditionals="0" statements="18" coveredstatements="13" elements="29" coveredelements="23"/>
      </class>
      <line num="26" type="method" name="__construct" visibility="public" complexity="1" crap="1" count="238"/>
      <line num="28" type="stmt" count="238"/>
      <line num="31" type="method" name="isGroup" visibility="public" complexity="1" crap="1" count="218"/>
      <line num="33" type="stmt" count="218"/>
      <line num="36" type="method" name="getDay" visibility="public" complexity="1" crap="1" count="221"/>
      <line num="38" type="stmt" count="221"/>
      <line num="41" type="method" name="getHour" visibility="public" complexity="1" crap="1" count="220"/>
      <line num="43" type="stmt" count="220"/>
      <line num="46" type="method" name="getIw" visibility="public" complexity="2" crap="2" count="221"/>
      <line num="48" type="stmt" count="221"/>
      <line num="49" type="stmt" count="221"/>
      <line num="50" type="stmt" count="220"/>
      <line num="53" type="stmt" count="1"/>
      <line num="56" type="method" name="getIwElement" visibility="private" complexity="1" crap="1" count="224"/>
      <line num="58" type="stmt" count="224"/>
      <line num="61" type="method" name="getIwData" visibility="private" complexity="1" crap="1" count="224"/>
      <line num="63" type="stmt" count="224"/>
      <line num="71" type="method" name="getDayIndicator" visibility="public" complexity="1" crap="1" count="2"/>
      <line num="73" type="stmt" count="2"/>
      <line num="81" type="method" name="getHourIndicator" visibility="public" complexity="1" crap="1" count="2"/>
      <line num="83" type="stmt" count="2"/>
      <line num="91" type="method" name="getSpeedUnitsIndicator" visibility="public" complexity="1" crap="1" count="2"/>
      <line num="93" type="stmt" count="2"/>
      <line num="96" type="method" name="getGroupIndicators" visibility="public" complexity="1" crap="2" count="0"/>
      <line num="98" type="stmt" count="0"/>
      <line num="99" type="stmt" count="0"/>
      <line num="100" type="stmt" count="0"/>
      <line num="101" type="stmt" count="0"/>
      <line num="102" type="stmt" count="0"/>
      <metrics loc="105" ncloc="82" classes="1" methods="11" coveredmethods="10" conditionals="0" coveredconditionals="0" statements="18" coveredstatements="13" elements="29" coveredelements="23"/>
    </file>
    <file name="/var/www/html/src/Decoder/GroupDecoder/DewPointTemperatureDecoder.php">
      <class name="Soandso\Synop\Decoder\GroupDecoder\DewPointTemperatureDecoder" namespace="global">
        <metrics complexity="12" methods="11" coveredmethods="10" conditionals="0" coveredconditionals="0" statements="31" coveredstatements="26" elements="42" coveredelements="36"/>
      </class>
      <line num="25" type="method" name="__construct" visibility="public" complexity="1" crap="1" count="248"/>
      <line num="27" type="stmt" count="248"/>
      <line num="38" type="method" name="isGroup" visibility="public" complexity="2" crap="2" count="228"/>
      <line num="40" type="stmt" count="228"/>
      <line num="42" type="stmt" count="228"/>
      <line num="43" type="stmt" count="227"/>
      <line num="44" type="stmt" count="227"/>
      <line num="45" type="stmt" count="227"/>
      <line num="46" type="stmt" count="227"/>
      <line num="47" type="stmt" count="227"/>
      <line num="48" type="stmt" count="227"/>
      <line num="49" type="stmt" count="227"/>
      <line num="50" type="stmt" count="227"/>
      <line num="51" type="stmt" count="227"/>
      <line num="53" type="stmt" count="227"/>
      <line num="56" type="stmt" count="1"/>
      <line num="64" type="method" name="getSignDewPointTemperature" visibility="public" complexity="1" crap="1" count="229"/>
      <line num="66" type="stmt" count="229"/>
      <line num="73" type="method" name="getDewPointTemperature" visibility="public" complexity="1" crap="1" count="229"/>
      <line num="75" type="stmt" count="229"/>
      <line num="76" type="stmt" count="229"/>
      <line num="77" type="stmt" count="229"/>
      <line num="78" type="stmt" count="229"/>
      <line num="80" type="stmt" count="229"/>
      <line num="88" type="method" name="getGetIndicatorGroup" visibility="public" complexity="1" crap="1" count="2"/>
      <line num="90" type="stmt" count="2"/>
      <line num="98" type="method" name="getSignTemperatureIndicator" visibility="public" complexity="1" crap="1" count="7"/>
      <line num="100" type="stmt" count="7"/>
      <line num="108" type="method" name="getDryBulbTemperatureIndicator" visibility="public" complexity="1" crap="1" count="1"/>
      <line num="110" type="stmt" count="1"/>
      <line num="113" type="method" name="getGroupIndicators" visibility="public" complexity="1" crap="2" count="0"/>
      <line num="115" type="stmt" count="0"/>
      <line num="116" type="stmt" count="0"/>
      <line num="117" type="stmt" count="0"/>
      <line num="118" type="stmt" count="0"/>
      <line num="119" type="stmt" count="0"/>
      <line num="127" type="method" name="getCodeFigureDistNumber" visibility="public" complexity="1" crap="1" count="230"/>
      <line num="129" type="stmt" count="230"/>
      <line num="137" type="method" name="getCodeFigureSignDwPTemperature" visibility="public" complexity="1" crap="1" count="230"/>
      <line num="139" type="stmt" count="230"/>
      <line num="147" type="method" name="getCodeFigureDwPTemperature" visibility="public" complexity="1" crap="1" count="230"/>
      <line num="149" type="stmt" count="230"/>
      <metrics loc="152" ncloc="94" classes="1" methods="11" coveredmethods="10" conditionals="0" coveredconditionals="0" statements="31" coveredstatements="26" elements="42" coveredelements="36"/>
    </file>
    <file name="/var/www/html/src/Decoder/GroupDecoder/GroundWithSnowDecoder.php">
      <class name="Soandso\Synop\Decoder\GroupDecoder\GroundWithSnowDecoder" namespace="global">
        <metrics complexity="16" methods="12" coveredmethods="11" conditionals="0" coveredconditionals="0" statements="35" coveredstatements="30" elements="47" coveredelements="41"/>
      </class>
      <line num="53" type="method" name="__construct" visibility="public" complexity="1" crap="1" count="75"/>
      <line num="55" type="stmt" count="75"/>
      <line num="66" type="method" name="isGroup" visibility="public" complexity="2" crap="2" count="47"/>
      <line num="68" type="stmt" count="47"/>
      <line num="70" type="stmt" count="47"/>
      <line num="71" type="stmt" count="46"/>
      <line num="72" type="stmt" count="46"/>
      <line num="73" type="stmt" count="46"/>
      <line num="74" type="stmt" count="46"/>
      <line num="75" type="stmt" count="46"/>
      <line num="76" type="stmt" count="46"/>
      <line num="77" type="stmt" count="46"/>
      <line num="78" type="stmt" count="46"/>
      <line num="81" type="stmt" count="1"/>
      <line num="90" type="method" name="getCodeGroundState" visibility="public" complexity="2" crap="2" count="49"/>
      <line num="92" type="stmt" count="49"/>
      <line num="93" type="stmt" count="49"/>
      <line num="94" type="stmt" count="48"/>
      <line num="96" type="stmt" count="1"/>
      <line num="106" type="method" name="getGroundState" visibility="public" complexity="2" crap="2" count="49"/>
      <line num="108" type="stmt" count="49"/>
      <line num="109" type="stmt" count="49"/>
      <line num="110" type="stmt" count="48"/>
      <line num="112" type="stmt" count="1"/>
      <line num="121" type="method" name="getDepthSnow" visibility="public" complexity="2" crap="2" count="50"/>
      <line num="123" type="stmt" count="50"/>
      <line num="124" type="stmt" count="50"/>
      <line num="125" type="stmt" count="48"/>
      <line num="128" type="stmt" count="2"/>
      <line num="136" type="method" name="getGetIndicatorGroup" visibility="public" complexity="1" crap="1" count="2"/>
      <line num="138" type="stmt" count="2"/>
      <line num="146" type="method" name="getStateGroundIndicator" visibility="public" complexity="1" crap="1" count="2"/>
      <line num="148" type="stmt" count="2"/>
      <line num="156" type="method" name="getDepthSnowIndicator" visibility="public" complexity="1" crap="1" count="2"/>
      <line num="158" type="stmt" count="2"/>
      <line num="161" type="method" name="getGroupIndicators" visibility="public" complexity="1" crap="2" count="0"/>
      <line num="163" type="stmt" count="0"/>
      <line num="164" type="stmt" count="0"/>
      <line num="165" type="stmt" count="0"/>
      <line num="166" type="stmt" count="0"/>
      <line num="167" type="stmt" count="0"/>
      <line num="175" type="method" name="getCodeFigureIndicator" visibility="private" complexity="1" crap="1" count="49"/>
      <line num="177" type="stmt" count="49"/>
      <line num="185" type="method" name="getCodeFigureStateGround" visibility="private" complexity="1" crap="1" count="49"/>
      <line num="187" type="stmt" count="49"/>
      <line num="195" type="method" name="getCodeFigureDepthSnow" visibility="private" complexity="1" crap="1" count="49"/>
      <line num="197" type="stmt" count="49"/>
      <metrics loc="200" ncloc="127" classes="1" methods="12" coveredmethods="11" conditionals="0" coveredconditionals="0" statements="35" coveredstatements="30" elements="47" coveredelements="41"/>
    </file>
    <file name="/var/www/html/src/Decoder/GroupDecoder/GroundWithoutSnowDecoder.php">
      <class name="Soandso\Synop\Decoder\GroupDecoder\GroundWithoutSnowDecoder" namespace="global">
        <metrics complexity="18" methods="15" coveredmethods="14" conditionals="0" coveredconditionals="0" statements="40" coveredstatements="34" elements="55" coveredelements="48"/>
      </class>
      <line num="43" type="method" name="__construct" visibility="public" complexity="1" crap="1" count="96"/>
      <line num="45" type="stmt" count="96"/>
      <line num="56" type="method" name="isGroup" visibility="public" complexity="2" crap="2" count="62"/>
      <line num="58" type="stmt" count="62"/>
      <line num="60" type="stmt" count="62"/>
      <line num="61" type="stmt" count="61"/>
      <line num="62" type="stmt" count="61"/>
      <line num="63" type="stmt" count="61"/>
      <line num="64" type="stmt" count="61"/>
      <line num="65" type="stmt" count="61"/>
      <line num="66" type="stmt" count="61"/>
      <line num="67" type="stmt" count="61"/>
      <line num="68" type="stmt" count="61"/>
      <line num="69" type="stmt" count="61"/>
      <line num="70" type="stmt" count="61"/>
      <line num="72" type="stmt" count="61"/>
      <line num="75" type="stmt" count="1"/>
      <line num="84" type="method" name="getCodeGroundState" visibility="public" complexity="2" crap="2" count="64"/>
      <line num="86" type="stmt" count="64"/>
      <line num="87" type="stmt" count="64"/>
      <line num="88" type="stmt" count="63"/>
      <line num="90" type="stmt" count="1"/>
      <line num="100" type="method" name="getGroundState" visibility="public" complexity="2" crap="2" count="64"/>
      <line num="102" type="stmt" count="64"/>
      <line num="103" type="stmt" count="64"/>
      <line num="104" type="stmt" count="63"/>
      <line num="106" type="stmt" count="1"/>
      <line num="115" type="method" name="getGroundSignTemperature" visibility="public" complexity="1" crap="1" count="63"/>
      <line num="117" type="stmt" count="63"/>
      <line num="125" type="method" name="getGroundMinTemperature" visibility="public" complexity="1" crap="1" count="63"/>
      <line num="127" type="stmt" count="63"/>
      <line num="129" type="stmt" count="63"/>
      <line num="137" type="method" name="getGetIndicatorGroup" visibility="public" complexity="1" crap="1" count="2"/>
      <line num="139" type="stmt" count="2"/>
      <line num="147" type="method" name="getStateGroundIndicator" visibility="public" complexity="1" crap="1" count="2"/>
      <line num="149" type="stmt" count="2"/>
      <line num="157" type="method" name="getSignTemperatureIndicator" visibility="public" complexity="1" crap="1" count="2"/>
      <line num="159" type="stmt" count="2"/>
      <line num="167" type="method" name="getMinimumTemperature" visibility="public" complexity="1" crap="1" count="2"/>
      <line num="169" type="stmt" count="2"/>
      <line num="172" type="method" name="getGroupIndicators" visibility="public" complexity="1" crap="2" count="0"/>
      <line num="174" type="stmt" count="0"/>
      <line num="175" type="stmt" count="0"/>
      <line num="176" type="stmt" count="0"/>
      <line num="177" type="stmt" count="0"/>
      <line num="178" type="stmt" count="0"/>
      <line num="179" type="stmt" count="0"/>
      <line num="187" type="method" name="getCodeFigureIndicator" visibility="private" complexity="1" crap="1" count="64"/>
      <line num="189" type="stmt" count="64"/>
      <line num="197" type="method" name="getCodeFigureStateGround" visibility="private" complexity="1" crap="1" count="64"/>
      <line num="199" type="stmt" count="64"/>
      <line num="207" type="method" name="getCodeFigureSignTemperature" visibility="private" complexity="1" crap="1" count="64"/>
      <line num="209" type="stmt" count="64"/>
      <line num="217" type="method" name="getCodeFigureMinTemperature" visibility="private" complexity="1" crap="1" count="64"/>
      <line num="219" type="stmt" count="64"/>
      <metrics loc="222" ncloc="137" classes="1" methods="15" coveredmethods="14" conditionals="0" coveredconditionals="0" statements="40" coveredstatements="34" elements="55" coveredelements="48"/>
    </file>
    <file name="/var/www/html/src/Decoder/GroupDecoder/GroupDecoderInterface.php">
      <metrics loc="25" ncloc="11" classes="0" methods="0" coveredmethods="0" conditionals="0" coveredconditionals="0" statements="0" coveredstatements="0" elements="0" coveredelements="0"/>
    </file>
    <file name="/var/www/html/src/Decoder/GroupDecoder/IndexDecoder.php">
      <class name="Soandso\Synop\Decoder\GroupDecoder\IndexDecoder" namespace="global">
        <metrics complexity="8" methods="8" coveredmethods="7" conditionals="0" coveredconditionals="0" statements="11" coveredstatements="7" elements="19" coveredelements="14"/>
      </class>
      <line num="19" type="method" name="__construct" visibility="public" complexity="1" crap="1" count="239"/>
      <line num="21" type="stmt" count="239"/>
      <line num="24" type="method" name="isGroup" visibility="public" complexity="1" crap="1" count="226"/>
      <line num="26" type="stmt" count="226"/>
      <line num="34" type="method" name="getArea" visibility="public" complexity="1" crap="1" count="229"/>
      <line num="36" type="stmt" count="229"/>
      <line num="44" type="method" name="getNumber" visibility="public" complexity="1" crap="1" count="229"/>
      <line num="46" type="stmt" count="229"/>
      <line num="54" type="method" name="getIndex" visibility="public" complexity="1" crap="1" count="227"/>
      <line num="56" type="stmt" count="227"/>
      <line num="64" type="method" name="getStationAreaIndicator" visibility="public" complexity="1" crap="1" count="2"/>
      <line num="66" type="stmt" count="2"/>
      <line num="74" type="method" name="getStationIndexIndicator" visibility="public" complexity="1" crap="1" count="2"/>
      <line num="76" type="stmt" count="2"/>
      <line num="79" type="method" name="getGroupIndicators" visibility="public" complexity="1" crap="2" count="0"/>
      <line num="81" type="stmt" count="0"/>
      <line num="82" type="stmt" count="0"/>
      <line num="83" type="stmt" count="0"/>
      <line num="84" type="stmt" count="0"/>
      <metrics loc="87" ncloc="54" classes="1" methods="8" coveredmethods="7" conditionals="0" coveredconditionals="0" statements="11" coveredstatements="7" elements="19" coveredelements="14"/>
    </file>
    <file name="/var/www/html/src/Decoder/GroupDecoder/LowCloudVisibilityDecoder.php">
      <class name="Soandso\Synop\Decoder\GroupDecoder\LowCloudVisibilityDecoder" namespace="global">
        <metrics complexity="44" methods="19" coveredmethods="15" conditionals="0" coveredconditionals="0" statements="79" coveredstatements="43" elements="98" coveredelements="58"/>
      </class>
      <line num="61" type="method" name="__construct" visibility="public" complexity="1" crap="1" count="276"/>
      <line num="63" type="stmt" count="276"/>
      <line num="66" type="method" name="isGroup" visibility="public" complexity="1" crap="1" count="234"/>
      <line num="68" type="stmt" count="234"/>
      <line num="69" type="stmt" count="234"/>
      <line num="70" type="stmt" count="234"/>
      <line num="71" type="stmt" count="234"/>
      <line num="72" type="stmt" count="234"/>
      <line num="73" type="stmt" count="234"/>
      <line num="74" type="stmt" count="234"/>
      <line num="75" type="stmt" count="234"/>
      <line num="76" type="stmt" count="234"/>
      <line num="77" type="stmt" count="234"/>
      <line num="80" type="method" name="getIr" visibility="public" complexity="2" crap="2" count="236"/>
      <line num="82" type="stmt" count="236"/>
      <line num="83" type="stmt" count="236"/>
      <line num="84" type="stmt" count="235"/>
      <line num="87" type="stmt" count="1"/>
      <line num="90" type="method" name="getIx" visibility="public" complexity="2" crap="2.06" count="235"/>
      <line num="92" type="stmt" count="235"/>
      <line num="93" type="stmt" count="235"/>
      <line num="94" type="stmt" count="235"/>
      <line num="97" type="stmt" count="0"/>
      <line num="100" type="method" name="getH" visibility="public" complexity="2" crap="2.06" count="234"/>
      <line num="102" type="stmt" count="234"/>
      <line num="103" type="stmt" count="234"/>
      <line num="104" type="stmt" count="234"/>
      <line num="107" type="stmt" count="0"/>
      <line num="110" type="method" name="getVV" visibility="public" complexity="1" crap="1" count="234"/>
      <line num="112" type="stmt" count="234"/>
      <line num="113" type="stmt" count="234"/>
      <line num="123" type="method" name="getVisValue" visibility="private" complexity="23" crap="252.26" count="236"/>
      <line num="125" type="stmt" count="236"/>
      <line num="126" type="stmt" count="236"/>
      <line num="127" type="stmt" count="0"/>
      <line num="128" type="stmt" count="236"/>
      <line num="129" type="stmt" count="2"/>
      <line num="130" type="stmt" count="234"/>
      <line num="131" type="stmt" count="0"/>
      <line num="132" type="stmt" count="234"/>
      <line num="133" type="stmt" count="0"/>
      <line num="134" type="stmt" count="234"/>
      <line num="135" type="stmt" count="234"/>
      <line num="136" type="stmt" count="0"/>
      <line num="138" type="stmt" count="234"/>
      <line num="140" type="stmt" count="0"/>
      <line num="141" type="stmt" count="0"/>
      <line num="142" type="stmt" count="0"/>
      <line num="143" type="stmt" count="0"/>
      <line num="144" type="stmt" count="0"/>
      <line num="146" type="stmt" count="0"/>
      <line num="147" type="stmt" count="0"/>
      <line num="149" type="stmt" count="0"/>
      <line num="150" type="stmt" count="0"/>
      <line num="152" type="stmt" count="0"/>
      <line num="153" type="stmt" count="0"/>
      <line num="155" type="stmt" count="0"/>
      <line num="156" type="stmt" count="0"/>
      <line num="158" type="stmt" count="0"/>
      <line num="159" type="stmt" count="0"/>
      <line num="161" type="stmt" count="0"/>
      <line num="162" type="stmt" count="0"/>
      <line num="164" type="stmt" count="0"/>
      <line num="165" type="stmt" count="0"/>
      <line num="167" type="stmt" count="0"/>
      <line num="168" type="stmt" count="0"/>
      <line num="170" type="stmt" count="0"/>
      <line num="171" type="stmt" count="0"/>
      <line num="173" type="stmt" count="0"/>
      <line num="177" type="method" name="getIrData" visibility="private" complexity="1" crap="1" count="239"/>
      <line num="179" type="stmt" count="239"/>
      <line num="182" type="method" name="getIxData" visibility="private" complexity="1" crap="1" count="238"/>
      <line num="184" type="stmt" count="238"/>
      <line num="192" type="method" name="getHData" visibility="private" complexity="1" crap="1" count="237"/>
      <line num="194" type="stmt" count="237"/>
      <line num="202" type="method" name="getGetPrecipitationDataIndicator" visibility="public" complexity="1" crap="1" count="2"/>
      <line num="204" type="stmt" count="2"/>
      <line num="212" type="method" name="getGetWeatherGroupIndicator" visibility="public" complexity="1" crap="1" count="2"/>
      <line num="214" type="stmt" count="2"/>
      <line num="222" type="method" name="getGetHeightCloudIndicator" visibility="public" complexity="1" crap="1" count="2"/>
      <line num="224" type="stmt" count="2"/>
      <line num="232" type="method" name="getGetVisibilityIndicator" visibility="public" complexity="1" crap="1" count="2"/>
      <line num="234" type="stmt" count="2"/>
      <line num="237" type="method" name="getGroupIndicators" visibility="public" complexity="1" crap="2" count="0"/>
      <line num="239" type="stmt" count="0"/>
      <line num="240" type="stmt" count="0"/>
      <line num="241" type="stmt" count="0"/>
      <line num="242" type="stmt" count="0"/>
      <line num="243" type="stmt" count="0"/>
      <line num="244" type="stmt" count="0"/>
      <line num="252" type="method" name="getCodeFigureIr" visibility="private" complexity="1" crap="1" count="237"/>
      <line num="254" type="stmt" count="237"/>
      <line num="262" type="method" name="getCodeFigureIx" visibility="private" complexity="1" crap="1" count="237"/>
      <line num="264" type="stmt" count="237"/>
      <line num="272" type="method" name="getCodeFigureH" visibility="private" complexity="1" crap="1" count="237"/>
      <line num="274" type="stmt" count="237"/>
      <line num="282" type="method" name="getCodeFigureVV" visibility="private" complexity="1" crap="1" count="237"/>
      <line num="284" type="stmt" count="237"/>
      <metrics loc="287" ncloc="217" classes="1" methods="19" coveredmethods="15" conditionals="0" coveredconditionals="0" statements="79" coveredstatements="43" elements="98" coveredelements="58"/>
    </file>
    <file name="/var/www/html/src/Decoder/GroupDecoder/MaxAirTemperatureDecoder.php">
      <class name="Soandso\Synop\Decoder\GroupDecoder\MaxAirTemperatureDecoder" namespace="global">
        <metrics complexity="5" methods="4" coveredmethods="4" conditionals="0" coveredconditionals="0" statements="16" coveredstatements="16" elements="20" coveredelements="20"/>
      </class>
      <line num="17" type="method" name="isGroup" visibility="public" complexity="2" crap="2" count="196"/>
      <line num="19" type="stmt" count="196"/>
      <line num="21" type="stmt" count="196"/>
      <line num="22" type="stmt" count="195"/>
      <line num="23" type="stmt" count="195"/>
      <line num="24" type="stmt" count="195"/>
      <line num="25" type="stmt" count="195"/>
      <line num="26" type="stmt" count="195"/>
      <line num="27" type="stmt" count="195"/>
      <line num="28" type="stmt" count="195"/>
      <line num="29" type="stmt" count="195"/>
      <line num="30" type="stmt" count="195"/>
      <line num="32" type="stmt" count="195"/>
      <line num="35" type="stmt" count="1"/>
      <line num="43" type="method" name="getIndicatorGroup" visibility="public" complexity="1" crap="1" count="2"/>
      <line num="45" type="stmt" count="2"/>
      <line num="53" type="method" name="getSignTemperatureIndicator" visibility="public" complexity="1" crap="1" count="2"/>
      <line num="55" type="stmt" count="2"/>
      <line num="63" type="method" name="getDryBulbTemperatureIndicator" visibility="public" complexity="1" crap="1" count="2"/>
      <line num="65" type="stmt" count="2"/>
      <metrics loc="68" ncloc="45" classes="1" methods="4" coveredmethods="4" conditionals="0" coveredconditionals="0" statements="16" coveredstatements="16" elements="20" coveredelements="20"/>
    </file>
    <file name="/var/www/html/src/Decoder/GroupDecoder/MinAirTemperatureDecoder.php">
      <class name="Soandso\Synop\Decoder\GroupDecoder\MinAirTemperatureDecoder" namespace="global">
        <metrics complexity="5" methods="4" coveredmethods="4" conditionals="0" coveredconditionals="0" statements="16" coveredstatements="16" elements="20" coveredelements="20"/>
      </class>
      <line num="17" type="method" name="isGroup" visibility="public" complexity="2" crap="2" count="8"/>
      <line num="19" type="stmt" count="8"/>
      <line num="21" type="stmt" count="8"/>
      <line num="22" type="stmt" count="7"/>
      <line num="23" type="stmt" count="7"/>
      <line num="24" type="stmt" count="7"/>
      <line num="25" type="stmt" count="7"/>
      <line num="26" type="stmt" count="7"/>
      <line num="27" type="stmt" count="7"/>
      <line num="28" type="stmt" count="7"/>
      <line num="29" type="stmt" count="7"/>
      <line num="30" type="stmt" count="7"/>
      <line num="32" type="stmt" count="7"/>
      <line num="35" type="stmt" count="1"/>
      <line num="43" type="method" name="getIndicatorGroup" visibility="public" complexity="1" crap="1" count="2"/>
      <line num="45" type="stmt" count="2"/>
      <line num="53" type="method" name="getSignTemperatureIndicator" visibility="public" complexity="1" crap="1" count="2"/>
      <line num="55" type="stmt" count="2"/>
      <line num="63" type="method" name="getDryBulbTemperatureIndicator" visibility="public" complexity="1" crap="1" count="2"/>
      <line num="65" type="stmt" count="2"/>
      <metrics loc="68" ncloc="45" classes="1" methods="4" coveredmethods="4" conditionals="0" coveredconditionals="0" statements="16" coveredstatements="16" elements="20" coveredelements="20"/>
    </file>
    <file name="/var/www/html/src/Decoder/GroupDecoder/MslPressureDecoder.php">
      <class name="Soandso\Synop\Decoder\GroupDecoder\MslPressureDecoder" namespace="global">
        <metrics complexity="10" methods="8" coveredmethods="6" conditionals="0" coveredconditionals="0" statements="28" coveredstatements="23" elements="36" coveredelements="29"/>
      </class>
      <line num="25" type="method" name="__construct" visibility="public" complexity="1" crap="1" count="222"/>
      <line num="27" type="stmt" count="222"/>
      <line num="38" type="method" name="isGroup" visibility="public" complexity="2" crap="2" count="209"/>
      <line num="40" type="stmt" count="209"/>
      <line num="42" type="stmt" count="209"/>
      <line num="43" type="stmt" count="208"/>
      <line num="44" type="stmt" count="208"/>
      <line num="45" type="stmt" count="208"/>
      <line num="46" type="stmt" count="208"/>
      <line num="47" type="stmt" count="208"/>
      <line num="50" type="stmt" count="1"/>
      <line num="58" type="method" name="getMslPressure" visibility="public" complexity="2" crap="2.01" count="210"/>
      <line num="60" type="stmt" count="210"/>
      <line num="61" type="stmt" count="210"/>
      <line num="63" type="stmt" count="210"/>
      <line num="64" type="stmt" count="210"/>
      <line num="65" type="stmt" count="210"/>
      <line num="66" type="stmt" count="210"/>
      <line num="67" type="stmt" count="0"/>
      <line num="69" type="stmt" count="210"/>
      <line num="72" type="stmt" count="210"/>
      <line num="80" type="method" name="getIndicatorGroup" visibility="public" complexity="1" crap="1" count="2"/>
      <line num="82" type="stmt" count="2"/>
      <line num="90" type="method" name="getFigureAirPressure" visibility="public" complexity="1" crap="1" count="2"/>
      <line num="92" type="stmt" count="2"/>
      <line num="93" type="stmt" count="2"/>
      <line num="94" type="stmt" count="2"/>
      <line num="97" type="method" name="getGroupIndicators" visibility="public" complexity="1" crap="2" count="0"/>
      <line num="99" type="stmt" count="0"/>
      <line num="100" type="stmt" count="0"/>
      <line num="101" type="stmt" count="0"/>
      <line num="102" type="stmt" count="0"/>
      <line num="110" type="method" name="getCodeFigureIndicator" visibility="private" complexity="1" crap="1" count="211"/>
      <line num="112" type="stmt" count="211"/>
      <line num="120" type="method" name="getCodeFigurePressure" visibility="private" complexity="1" crap="1" count="211"/>
      <line num="122" type="stmt" count="211"/>
      <metrics loc="125" ncloc="81" classes="1" methods="8" coveredmethods="6" conditionals="0" coveredconditionals="0" statements="28" coveredstatements="23" elements="36" coveredelements="29"/>
    </file>
    <file name="/var/www/html/src/Decoder/GroupDecoder/PresentWeatherDecoder.php">
      <class name="Soandso\Synop\Decoder\GroupDecoder\PresentWeatherDecoder" namespace="global">
        <metrics complexity="17" methods="13" coveredmethods="10" conditionals="0" coveredconditionals="0" statements="40" coveredstatements="33" elements="53" coveredelements="43"/>
      </class>
      <line num="162" type="method" name="__construct" visibility="public" complexity="1" crap="1" count="227"/>
      <line num="164" type="stmt" count="227"/>
      <line num="175" type="method" name="isGroup" visibility="public" complexity="2" crap="2" count="200"/>
      <line num="177" type="stmt" count="200"/>
      <line num="179" type="stmt" count="200"/>
      <line num="180" type="stmt" count="199"/>
      <line num="181" type="stmt" count="199"/>
      <line num="182" type="stmt" count="199"/>
      <line num="183" type="stmt" count="199"/>
      <line num="184" type="stmt" count="199"/>
      <line num="185" type="stmt" count="199"/>
      <line num="186" type="stmt" count="199"/>
      <line num="187" type="stmt" count="199"/>
      <line num="188" type="stmt" count="199"/>
      <line num="190" type="stmt" count="199"/>
      <line num="193" type="stmt" count="1"/>
      <line num="200" type="method" name="getPresentWeatherSymbol" visibility="public" complexity="1" crap="1" count="201"/>
      <line num="202" type="stmt" count="201"/>
      <line num="203" type="stmt" count="201"/>
      <line num="212" type="method" name="getPresentWeather" visibility="public" complexity="2" crap="2.06" count="201"/>
      <line num="214" type="stmt" count="201"/>
      <line num="215" type="stmt" count="201"/>
      <line num="216" type="stmt" count="201"/>
      <line num="218" type="stmt" count="0"/>
      <line num="227" type="method" name="getPastWeatherSymbol" visibility="public" complexity="1" crap="1" count="201"/>
      <line num="229" type="stmt" count="201"/>
      <line num="230" type="stmt" count="201"/>
      <line num="239" type="method" name="getPastWeather" visibility="public" complexity="3" crap="3.03" count="201"/>
      <line num="241" type="stmt" count="201"/>
      <line num="242" type="stmt" count="201"/>
      <line num="243" type="stmt" count="201"/>
      <line num="245" type="stmt" count="201"/>
      <line num="246" type="stmt" count="201"/>
      <line num="247" type="stmt" count="201"/>
      <line num="249" type="stmt" count="0"/>
      <line num="258" type="method" name="getIndicatorGroup" visibility="public" complexity="1" crap="1" count="2"/>
      <line num="260" type="stmt" count="2"/>
      <line num="268" type="method" name="getPresentWeatherIndicator" visibility="public" complexity="1" crap="1" count="2"/>
      <line num="270" type="stmt" count="2"/>
      <line num="278" type="method" name="getPastWeatherIndicator" visibility="public" complexity="1" crap="1" count="2"/>
      <line num="280" type="stmt" count="2"/>
      <line num="283" type="method" name="getGroupIndicators" visibility="public" complexity="1" crap="2" count="0"/>
      <line num="285" type="stmt" count="0"/>
      <line num="286" type="stmt" count="0"/>
      <line num="287" type="stmt" count="0"/>
      <line num="288" type="stmt" count="0"/>
      <line num="289" type="stmt" count="0"/>
      <line num="297" type="method" name="getCodeFigureIndicator" visibility="private" complexity="1" crap="1" count="202"/>
      <line num="299" type="stmt" count="202"/>
      <line num="307" type="method" name="getCodeFigurePresentWeather" visibility="private" complexity="1" crap="1" count="202"/>
      <line num="309" type="stmt" count="202"/>
      <line num="317" type="method" name="getCodeFigurePastWeather" visibility="private" complexity="1" crap="1" count="202"/>
      <line num="319" type="stmt" count="202"/>
      <metrics loc="322" ncloc="246" classes="1" methods="13" coveredmethods="10" conditionals="0" coveredconditionals="0" statements="40" coveredstatements="33" elements="53" coveredelements="43"/>
    </file>
    <file name="/var/www/html/src/Decoder/GroupDecoder/StLPressureDecoder.php">
      <class name="Soandso\Synop\Decoder\GroupDecoder\StLPressureDecoder" namespace="global">
        <metrics complexity="10" methods="8" coveredmethods="7" conditionals="0" coveredconditionals="0" statements="28" coveredstatements="24" elements="36" coveredelements="31"/>
      </class>
      <line num="26" type="method" name="__construct" visibility="public" complexity="1" crap="1" count="224"/>
      <line num="28" type="stmt" count="224"/>
      <line num="39" type="method" name="isGroup" visibility="public" complexity="2" crap="2" count="211"/>
      <line num="41" type="stmt" count="211"/>
      <line num="43" type="stmt" count="211"/>
      <line num="44" type="stmt" count="210"/>
      <line num="45" type="stmt" count="210"/>
      <line num="46" type="stmt" count="210"/>
      <line num="47" type="stmt" count="210"/>
      <line num="48" type="stmt" count="210"/>
      <line num="51" type="stmt" count="1"/>
      <line num="59" type="method" name="getStLPressure" visibility="public" complexity="2" crap="2" count="212"/>
      <line num="61" type="stmt" count="212"/>
      <line num="62" type="stmt" count="212"/>
      <line num="64" type="stmt" count="212"/>
      <line num="65" type="stmt" count="212"/>
      <line num="66" type="stmt" count="212"/>
      <line num="67" type="stmt" count="212"/>
      <line num="68" type="stmt" count="1"/>
      <line num="70" type="stmt" count="212"/>
      <line num="73" type="stmt" count="212"/>
      <line num="81" type="method" name="getIndicatorGroup" visibility="public" complexity="1" crap="1" count="2"/>
      <line num="83" type="stmt" count="2"/>
      <line num="91" type="method" name="getFigureAirPressure" visibility="public" complexity="1" crap="1" count="2"/>
      <line num="93" type="stmt" count="2"/>
      <line num="94" type="stmt" count="2"/>
      <line num="95" type="stmt" count="2"/>
      <line num="98" type="method" name="getGroupIndicators" visibility="public" complexity="1" crap="2" count="0"/>
      <line num="100" type="stmt" count="0"/>
      <line num="101" type="stmt" count="0"/>
      <line num="102" type="stmt" count="0"/>
      <line num="103" type="stmt" count="0"/>
      <line num="111" type="method" name="getCodeFigureIndicator" visibility="private" complexity="1" crap="1" count="212"/>
      <line num="113" type="stmt" count="212"/>
      <line num="121" type="method" name="getCodeFigurePressure" visibility="private" complexity="1" crap="1" count="214"/>
      <line num="123" type="stmt" count="214"/>
      <metrics loc="126" ncloc="81" classes="1" methods="8" coveredmethods="7" conditionals="0" coveredconditionals="0" statements="28" coveredstatements="24" elements="36" coveredelements="31"/>
    </file>
    <file name="/var/www/html/src/Decoder/GroupDecoder/SunshineRadiationDataDecoder.php">
      <class name="Soandso\Synop\Decoder\GroupDecoder\SunshineRadiationDataDecoder" namespace="global">
        <metrics complexity="9" methods="8" coveredmethods="7" conditionals="0" coveredconditionals="0" statements="22" coveredstatements="18" elements="30" coveredelements="25"/>
      </class>
      <line num="25" type="method" name="__construct" visibility="public" complexity="1" crap="1" count="46"/>
      <line num="27" type="stmt" count="46"/>
      <line num="37" type="method" name="isGroup" visibility="public" complexity="2" crap="2" count="33"/>
      <line num="39" type="stmt" count="33"/>
      <line num="41" type="stmt" count="33"/>
      <line num="42" type="stmt" count="32"/>
      <line num="43" type="stmt" count="32"/>
      <line num="44" type="stmt" count="32"/>
      <line num="45" type="stmt" count="32"/>
      <line num="46" type="stmt" count="32"/>
      <line num="48" type="stmt" count="32"/>
[...]
      <line num="66" type="method" name="setDecoder" visibility="public" complexity="1" crap="1" count="207"/>
      <line num="68" type="stmt" count="207"/>
      <line num="76" type="method" name="setPressureValue" visibility="public" complexity="1" crap="1" count="2"/>
      <line num="78" type="stmt" count="2"/>
      <line num="86" type="method" name="getDecoder" visibility="public" complexity="1" crap="1" count="207"/>
      <line num="88" type="stmt" count="207"/>
      <line num="96" type="method" name="getPressureValue" visibility="public" complexity="1" crap="1" count="3"/>
      <line num="98" type="stmt" count="3"/>
      <line num="107" type="method" name="setMslPressureGroup" visibility="public" complexity="2" crap="2" count="207"/>
      <line num="109" type="stmt" count="207"/>
      <line num="110" type="stmt" count="207"/>
      <line num="112" type="stmt" count="1"/>
      <line num="123" type="method" name="isMslPressureGroup" visibility="public" complexity="1" crap="1" count="207"/>
      <line num="125" type="stmt" count="207"/>
      <line num="133" type="method" name="setMslPressure" visibility="public" complexity="2" crap="2" count="207"/>
      <line num="135" type="stmt" count="207"/>
      <line num="136" type="stmt" count="2"/>
      <line num="138" type="stmt" count="207"/>
      <line num="147" type="method" name="getGroupIndicator" visibility="public" complexity="1" crap="1" count="207"/>
      <line num="149" type="stmt" count="207"/>
      <metrics loc="152" ncloc="84" classes="1" methods="10" coveredmethods="10" conditionals="0" coveredconditionals="0" statements="19" coveredstatements="19" elements="29" coveredelements="29"/>
    </file>
    <file name="/var/www/html/src/Sheme/PresentWeatherGroup.php">
      <class name="Soandso\Synop\Sheme\PresentWeatherGroup" namespace="global">
        <metrics complexity="25" methods="19" coveredmethods="11" conditionals="0" coveredconditionals="0" statements="39" coveredstatements="28" elements="58" coveredelements="39"/>
      </class>
      <line num="49" type="method" name="__construct" visibility="public" complexity="1" crap="1" count="198"/>
      <line num="51" type="stmt" count="198"/>
      <line num="61" type="method" name="setData" visibility="public" complexity="2" crap="2.03" count="198"/>
      <line num="63" type="stmt" count="198"/>
      <line num="64" type="stmt" count="198"/>
      <line num="65" type="stmt" count="198"/>
      <line num="66" type="stmt" count="198"/>
      <line num="68" type="stmt" count="0"/>
      <line num="77" type="method" name="setDecoder" visibility="public" complexity="1" crap="1" count="198"/>
      <line num="79" type="stmt" count="198"/>
      <line num="87" type="method" name="setPresentWeatherSymbolValue" visibility="public" complexity="1" crap="1" count="198"/>
      <line num="89" type="stmt" count="198"/>
      <line num="97" type="method" name="setPresentWeatherValue" visibility="public" complexity="1" crap="1" count="198"/>
      <line num="99" type="stmt" count="198"/>
      <line num="107" type="method" name="setPastWeatherSymbolValue" visibility="public" complexity="1" crap="1" count="198"/>
      <line num="109" type="stmt" count="198"/>
      <line num="117" type="method" name="setPastWeatherValue" visibility="public" complexity="1" crap="1" count="198"/>
      <line num="119" type="stmt" count="198"/>
      <line num="127" type="method" name="getDecoder" visibility="public" complexity="1" crap="1" count="198"/>
      <line num="129" type="stmt" count="198"/>
      <line num="137" type="method" name="getPresentWeatherSymbolValue" visibility="public" complexity="1" crap="1" count="2"/>
      <line num="139" type="stmt" count="2"/>
      <line num="147" type="method" name="getPresentWeatherValue" visibility="public" complexity="1" crap="2" count="0"/>
      <line num="149" type="stmt" count="0"/>
      <line num="157" type="method" name="getPastWeatherSymbolValue" visibility="public" complexity="1" crap="1" count="2"/>
      <line num="159" type="stmt" count="2"/>
      <line num="167" type="method" name="getPastWeatherValue" visibility="public" complexity="1" crap="2" count="0"/>
      <line num="169" type="stmt" count="0"/>
      <line num="178" type="method" name="setPresentWeatherGroup" visibility="public" complexity="2" crap="2.35" count="198"/>
      <line num="180" type="stmt" count="198"/>
      <line num="181" type="stmt" count="198"/>
      <line num="182" type="stmt" count="198"/>
      <line num="183" type="stmt" count="198"/>
      <line num="184" type="stmt" count="198"/>
      <line num="186" type="stmt" count="0"/>
      <line num="187" type="stmt" count="0"/>
      <line num="188" type="stmt" count="0"/>
      <line num="189" type="stmt" count="0"/>
      <line num="200" type="method" name="isPresentWeatherGroup" visibility="public" complexity="1" crap="1" count="198"/>
      <line num="202" type="stmt" count="198"/>
      <line num="210" type="method" name="setPresentWeatherSymbol" visibility="public" complexity="2" crap="2.15" count="198"/>
      <line num="212" type="stmt" count="198"/>
      <line num="213" type="stmt" count="0"/>
      <line num="215" type="stmt" count="198"/>
      <line num="224" type="method" name="setPresentWeather" visibility="public" complexity="2" crap="2.15" count="198"/>
      <line num="226" type="stmt" count="198"/>
      <line num="227" type="stmt" count="0"/>
      <line num="229" type="stmt" count="198"/>
      <line num="238" type="method" name="setPastWeatherSymbol" visibility="public" complexity="2" crap="2.15" count="198"/>
      <line num="240" type="stmt" count="198"/>
      <line num="241" type="stmt" count="0"/>
      <line num="243" type="stmt" count="198"/>
      <line num="252" type="method" name="setPastWeather" visibility="public" complexity="2" crap="2.15" count="198"/>
      <line num="254" type="stmt" count="198"/>
      <line num="255" type="stmt" count="0"/>
      <line num="257" type="stmt" count="198"/>
      <line num="266" type="method" name="getGroupIndicator" visibility="public" complexity="1" crap="1" count="198"/>
      <line num="268" type="stmt" count="198"/>
      <metrics loc="271" ncloc="151" classes="1" methods="19" coveredmethods="11" conditionals="0" coveredconditionals="0" statements="39" coveredstatements="28" elements="58" coveredelements="39"/>
    </file>
    <file name="/var/www/html/src/Sheme/RegionalExchangeAmountRainfallGroup.php">
      <class name="Soandso\Synop\Sheme\RegionalExchangeAmountRainfallGroup" namespace="global">
        <metrics complexity="4" methods="3" coveredmethods="3" conditionals="0" coveredconditionals="0" statements="7" coveredstatements="7" elements="10" coveredelements="10"/>
      </class>
      <line num="23" type="method" name="__construct" visibility="public" complexity="1" crap="1" count="6"/>
      <line num="25" type="stmt" count="6"/>
      <line num="34" type="method" name="setData" visibility="public" complexity="2" crap="2" count="6"/>
      <line num="36" type="stmt" count="6"/>
      <line num="37" type="stmt" count="6"/>
      <line num="38" type="stmt" count="6"/>
      <line num="39" type="stmt" count="6"/>
      <line num="41" type="stmt" count="1"/>
      <line num="50" type="method" name="getGroupIndicator" visibility="public" complexity="1" crap="1" count="6"/>
      <line num="52" type="stmt" count="6"/>
      <metrics loc="55" ncloc="33" classes="1" methods="3" coveredmethods="3" conditionals="0" coveredconditionals="0" statements="7" coveredstatements="7" elements="10" coveredelements="10"/>
    </file>
    <file name="/var/www/html/src/Sheme/Section.php">
      <class name="Soandso\Synop\Sheme\Section" namespace="global">
        <metrics complexity="11" methods="6" coveredmethods="6" conditionals="0" coveredconditionals="0" statements="14" coveredstatements="14" elements="20" coveredelements="20"/>
      </class>
      <line num="25" type="method" name="__construct" visibility="public" complexity="1" crap="1" count="495"/>
      <line num="27" type="stmt" count="495"/>
      <line num="36" type="method" name="setTitle" visibility="public" complexity="2" crap="2" count="495"/>
      <line num="38" type="stmt" count="495"/>
      <line num="39" type="stmt" count="495"/>
      <line num="41" type="stmt" count="1"/>
      <line num="51" type="method" name="getTitle" visibility="public" complexity="3" crap="3" count="4"/>
      <line num="53" type="stmt" count="4"/>
      <line num="54" type="stmt" count="3"/>
      <line num="56" type="stmt" count="1"/>
      <line num="65" type="method" name="setBody" visibility="public" complexity="1" crap="1" count="447"/>
      <line num="67" type="stmt" count="447"/>
      <line num="75" type="method" name="getBody" visibility="public" complexity="1" crap="1" count="370"/>
      <line num="77" type="stmt" count="370"/>
      <line num="86" type="method" name="getBodyByTitle" visibility="public" complexity="3" crap="3" count="369"/>
      <line num="88" type="stmt" count="369"/>
      <line num="89" type="stmt" count="369"/>
      <line num="90" type="stmt" count="369"/>
      <line num="91" type="stmt" count="313"/>
      <line num="95" type="stmt" count="58"/>
      <metrics loc="98" ncloc="59" classes="1" methods="6" coveredmethods="6" conditionals="0" coveredconditionals="0" statements="14" coveredstatements="14" elements="20" coveredelements="20"/>
    </file>
    <file name="/var/www/html/src/Sheme/SectionInterface.php">
      <metrics loc="71" ncloc="17" classes="0" methods="0" coveredmethods="0" conditionals="0" coveredconditionals="0" statements="0" coveredstatements="0" elements="0" coveredelements="0"/>
    </file>
    <file name="/var/www/html/src/Sheme/StLPressureGroup.php">
      <class name="Soandso\Synop\Sheme\StLPressureGroup" namespace="global">
        <metrics complexity="13" methods="10" coveredmethods="10" conditionals="0" coveredconditionals="0" statements="19" coveredstatements="19" elements="29" coveredelements="29"/>
      </class>
      <line num="36" type="method" name="__construct" visibility="public" complexity="1" crap="1" count="209"/>
      <line num="38" type="stmt" count="209"/>
      <line num="39" type="stmt" count="209"/>
      <line num="50" type="method" name="setData" visibility="public" complexity="2" crap="2" count="209"/>
      <line num="52" type="stmt" count="209"/>
      <line num="53" type="stmt" count="209"/>
      <line num="54" type="stmt" count="209"/>
      <line num="55" type="stmt" count="209"/>
      <line num="57" type="stmt" count="1"/>
      <line num="66" type="method" name="setDecoder" visibility="public" complexity="1" crap="1" count="209"/>
      <line num="68" type="stmt" count="209"/>
      <line num="76" type="method" name="setPressureValue" visibility="public" complexity="1" crap="1" count="3"/>
      <line num="78" type="stmt" count="3"/>
      <line num="86" type="method" name="getDecoder" visibility="public" complexity="1" crap="1" count="209"/>
      <line num="88" type="stmt" count="209"/>
      <line num="96" type="method" name="getPressureValue" visibility="public" complexity="1" crap="1" count="3"/>
      <line num="98" type="stmt" count="3"/>
      <line num="107" type="method" name="setStLPressureGroup" visibility="public" complexity="2" crap="2" count="209"/>
      <line num="109" type="stmt" count="209"/>
      <line num="110" type="stmt" count="209"/>
      <line num="112" type="stmt" count="1"/>
      <line num="123" type="method" name="isStLPressureGroup" visibility="public" complexity="1" crap="1" count="209"/>
      <line num="125" type="stmt" count="209"/>
      <line num="133" type="method" name="setStLPressure" visibility="public" complexity="2" crap="2" count="209"/>
      <line num="135" type="stmt" count="209"/>
      <line num="136" type="stmt" count="2"/>
      <line num="138" type="stmt" count="209"/>
      <line num="147" type="method" name="getGroupIndicator" visibility="public" complexity="1" crap="1" count="209"/>
      <line num="149" type="stmt" count="209"/>
      <metrics loc="152" ncloc="84" classes="1" methods="10" coveredmethods="10" conditionals="0" coveredconditionals="0" statements="19" coveredstatements="19" elements="29" coveredelements="29"/>
    </file>
    <file name="/var/www/html/src/Sheme/SunshineRadiationDataGroup.php">
      <class name="Soandso\Synop\Sheme\SunshineRadiationDataGroup" namespace="global">
        <metrics complexity="19" methods="15" coveredmethods="15" conditionals="0" coveredconditionals="0" statements="28" coveredstatements="28" elements="43" coveredelements="43"/>
      </class>
      <line num="41" type="method" name="__construct" visibility="public" complexity="1" crap="1" count="31"/>
      <line num="43" type="stmt" count="31"/>
      <line num="44" type="stmt" count="31"/>
      <line num="53" type="method" name="setData" visibility="public" complexity="2" crap="2" count="31"/>
      <line num="55" type="stmt" count="31"/>
      <line num="56" type="stmt" count="31"/>
      <line num="57" type="stmt" count="31"/>
      <line num="58" type="stmt" count="31"/>
      <line num="60" type="stmt" count="1"/>
      <line num="69" type="method" name="setRawSunshineRadiation" visibility="public" complexity="1" crap="1" count="31"/>
      <line num="71" type="stmt" count="31"/>
      <line num="79" type="method" name="setDecoder" visibility="public" complexity="1" crap="1" count="31"/>
      <line num="81" type="stmt" count="31"/>
      <line num="89" type="method" name="setCodeSunshineValue" visibility="public" complexity="1" crap="1" count="31"/>
      <line num="91" type="stmt" count="31"/>
      <line num="99" type="method" name="setSunshineValue" visibility="public" complexity="1" crap="1" count="31"/>
      <line num="101" type="stmt" count="31"/>
      <line num="109" type="method" name="getRawSunshineRadiation" visibility="public" complexity="1" crap="1" count="31"/>
      <line num="111" type="stmt" count="31"/>
      <line num="119" type="method" name="getDecoder" visibility="public" complexity="1" crap="1" count="31"/>
      <line num="121" type="stmt" count="31"/>
      <line num="129" type="method" name="getCodeSunshineValue" visibility="public" complexity="1" crap="1" count="3"/>
      <line num="131" type="stmt" count="3"/>
      <line num="139" type="method" name="getSunshineValue" visibility="public" complexity="1" crap="1" count="2"/>
      <line num="141" type="stmt" count="2"/>
      <line num="149" type="method" name="setSunshineRadiationGroup" visibility="public" complexity="2" crap="2" count="31"/>
      <line num="151" type="stmt" count="31"/>
      <line num="152" type="stmt" count="31"/>
      <line num="153" type="stmt" count="31"/>
      <line num="155" type="stmt" count="1"/>
      <line num="156" type="stmt" count="1"/>
      <line num="167" type="method" name="isSunshineRadiationGroup" visibility="public" complexity="1" crap="1" count="31"/>
      <line num="169" type="stmt" count="31"/>
      <line num="177" type="method" name="setCodeSunshine" visibility="public" complexity="2" crap="2" count="31"/>
      <line num="179" type="stmt" count="31"/>
      <line num="180" type="stmt" count="2"/>
      <line num="182" type="stmt" count="31"/>
      <line num="191" type="method" name="setSunshine" visibility="public" complexity="2" crap="2" count="31"/>
      <line num="193" type="stmt" count="31"/>
      <line num="194" type="stmt" count="2"/>
      <line num="196" type="stmt" count="31"/>
      <line num="205" type="method" name="getGroupIndicator" visibility="public" complexity="1" crap="1" count="31"/>
      <line num="207" type="stmt" count="31"/>
      <metrics loc="210" ncloc="117" classes="1" methods="15" coveredmethods="15" conditionals="0" coveredconditionals="0" statements="28" coveredstatements="28" elements="43" coveredelements="43"/>
    </file>
    <file name="/var/www/html/src/Sheme/TypeGroup.php">
      <class name="Soandso\Synop\Sheme\TypeGroup" namespace="global">
        <metrics complexity="17" methods="13" coveredmethods="12" conditionals="0" coveredconditionals="0" statements="25" coveredstatements="24" elements="38" coveredelements="36"/>
      </class>
      <line num="44" type="method" name="__construct" visibility="public" complexity="1" crap="1" count="212"/>
      <line num="46" type="stmt" count="212"/>
      <line num="55" type="method" name="setDecoder" visibility="public" complexity="1" crap="1" count="212"/>
      <line num="57" type="stmt" count="212"/>
      <line num="68" type="method" name="setData" visibility="public" complexity="2" crap="2.03" count="212"/>
      <line num="70" type="stmt" count="212"/>
      <line num="71" type="stmt" count="212"/>
      <line num="72" type="stmt" count="212"/>
      <line num="73" type="stmt" count="212"/>
      <line num="75" type="stmt" count="0"/>
      <line num="84" type="method" name="getDecoder" visibility="public" complexity="1" crap="1" count="212"/>
      <line num="86" type="stmt" count="212"/>
      <line num="97" type="method" name="setTypeGroup" visibility="public" complexity="2" crap="2" count="212"/>
      <line num="99" type="stmt" count="212"/>
      <line num="100" type="stmt" count="212"/>
      <line num="101" type="stmt" count="212"/>
      <line num="102" type="stmt" count="212"/>
      <line num="104" type="stmt" count="2"/>
      <line num="113" type="method" name="setType" visibility="public" complexity="1" crap="1" count="212"/>
      <line num="115" type="stmt" count="212"/>
      <line num="123" type="method" name="setSynop" visibility="public" complexity="1" crap="1" count="212"/>
      <line num="125" type="stmt" count="212"/>
      <line num="133" type="method" name="setShip" visibility="public" complexity="1" crap="1" count="212"/>
      <line num="135" type="stmt" count="212"/>
      <line num="143" type="method" name="getType" visibility="public" complexity="1" crap="1" count="4"/>
      <line num="145" type="stmt" count="4"/>
      <line num="154" type="method" name="isSynop" visibility="public" complexity="2" crap="2" count="192"/>
      <line num="156" type="stmt" count="192"/>
      <line num="157" type="stmt" count="1"/>
      <line num="160" type="stmt" count="191"/>
      <line num="169" type="method" name="isShip" visibility="public" complexity="2" crap="2" count="192"/>
      <line num="171" type="stmt" count="192"/>
      <line num="172" type="stmt" count="1"/>
      <line num="175" type="stmt" count="191"/>
      <line num="185" type="method" name="isTypeGroup" visibility="public" complexity="1" crap="1" count="212"/>
      <line num="187" type="stmt" count="212"/>
      <line num="195" type="method" name="getGroupIndicator" visibility="public" complexity="1" crap="1" count="212"/>
      <line num="197" type="stmt" count="212"/>
      <metrics loc="200" ncloc="107" classes="1" methods="13" coveredmethods="12" conditionals="0" coveredconditionals="0" statements="25" coveredstatements="24" elements="38" coveredelements="36"/>
    </file>
    <file name="/var/www/html/src/lib/functions.php">
      <line num="8" type="stmt" count="0"/>
      <line num="9" type="stmt" count="0"/>
      <line num="10" type="stmt" count="0"/>
      <line num="11" type="stmt" count="0"/>
      <line num="12" type="stmt" count="0"/>
      <line num="13" type="stmt" count="0"/>
      <line num="20" type="stmt" count="0"/>
      <line num="27" type="stmt" count="0"/>
      <line num="34" type="stmt" count="0"/>
      <metrics loc="37" ncloc="37" classes="0" methods="0" coveredmethods="0" conditionals="0" coveredconditionals="0" statements="9" coveredstatements="0" elements="9" coveredelements="0"/>
    </file>
    <metrics files="77" loc="14317" ncloc="9203" classes="59" methods="804" coveredmethods="688" conditionals="0" coveredconditionals="0" statements="3095" coveredstatements="2740" elements="3899" coveredelements="3428"/>
  </project>
</coverage>
