<?xml version="1.0" encoding="UTF-8"?>
<coverage generated="1660236744">
  <project timestamp="1660236744">
    <file name="C:\OpenServerPanel\domains\synop.local\src\Decoder\Decoder.php">
      <class name="Soandso\Synop\Decoder\Decoder" namespace="global">
        <metrics complexity="3" methods="3" coveredmethods="3" conditionals="0" coveredconditionals="0" statements="4" coveredstatements="4" elements="7" coveredelements="7"/>
      </class>
      <line num="33" type="method" name="block" visibility="public" complexity="1" crap="1" count="265"/>
      <line num="35" type="stmt" count="265"/>
      <line num="43" type="method" name="endBlock" visibility="public" complexity="1" crap="1" count="189"/>
      <line num="45" type="stmt" count="189"/>
      <line num="54" type="method" name="updateReport" visibility="public" complexity="1" crap="1" count="215"/>
      <line num="56" type="stmt" count="215"/>
      <line num="57" type="stmt" count="215"/>
      <metrics loc="60" ncloc="33" classes="1" methods="3" coveredmethods="3" conditionals="0" coveredconditionals="0" statements="4" coveredstatements="4" elements="7" coveredelements="7"/>
    </file>
    <file name="C:\OpenServerPanel\domains\synop.local\src\Decoder\DecoderInterface.php">
      <metrics loc="31" ncloc="13" classes="0" methods="0" coveredmethods="0" conditionals="0" coveredconditionals="0" statements="0" coveredstatements="0" elements="0" coveredelements="0"/>
    </file>
    <file name="C:\OpenServerPanel\domains\synop.local\src\Decoder\GeneralDecoder.php">
      <class name="Soandso\Synop\Decoder\GeneralDecoder" namespace="global">
        <metrics complexity="108" methods="31" coveredmethods="26" conditionals="0" coveredconditionals="0" statements="230" coveredstatements="224" elements="261" coveredelements="250"/>
      </class>
      <line num="70" type="method" name="__construct" visibility="public" complexity="1" crap="1" count="238"/>
      <line num="72" type="stmt" count="238"/>
      <line num="73" type="stmt" count="238"/>
      <line num="74" type="stmt" count="238"/>
      <line num="75" type="stmt" count="238"/>
      <line num="76" type="stmt" count="238"/>
      <line num="85" type="method" name="isGroup" visibility="public" complexity="1" crap="1" count="211"/>
      <line num="87" type="stmt" count="211"/>
      <line num="94" type="method" name="parse" visibility="public" complexity="1" crap="1" count="183"/>
      <line num="96" type="stmt" count="183"/>
      <line num="105" type="method" name="putSection" visibility="private" complexity="1" crap="1" count="238"/>
      <line num="107" type="stmt" count="238"/>
      <line num="109" type="stmt" count="238"/>
      <line num="118" type="method" name="putInSection" visibility="private" complexity="2" crap="2" count="197"/>
      <line num="120" type="stmt" count="197"/>
      <line num="121" type="stmt" count="194"/>
      <line num="123" type="stmt" count="185"/>
      <line num="124" type="stmt" count="185"/>
      <line num="127" type="stmt" count="197"/>
      <line num="135" type="method" name="getSectionByTitle" visibility="private" complexity="1" crap="1" count="187"/>
      <line num="137" type="stmt" count="187"/>
      <line num="147" type="method" name="getType" visibility="public" complexity="3" crap="3.01" count="184"/>
      <line num="149" type="stmt" count="184"/>
      <line num="150" type="stmt" count="184"/>
      <line num="151" type="stmt" count="1"/>
      <line num="153" type="stmt" count="183"/>
      <line num="154" type="stmt" count="183"/>
      <line num="155" type="stmt" count="183"/>
      <line num="158" type="stmt" count="183"/>
      <line num="159" type="stmt" count="0"/>
      <line num="163" type="stmt" count="183"/>
      <line num="164" type="stmt" count="183"/>
      <line num="173" type="method" name="getShipSign" visibility="public" complexity="4" crap="4.37" count="184"/>
      <line num="175" type="stmt" count="184"/>
      <line num="176" type="stmt" count="183"/>
      <line num="178" type="stmt" count="1"/>
      <line num="179" type="stmt" count="1"/>
      <line num="180" type="stmt" count="0"/>
      <line num="181" type="stmt" count="0"/>
      <line num="183" type="stmt" count="1"/>
      <line num="193" type="method" name="getYYGGiw" visibility="public" complexity="3" crap="3" count="183"/>
      <line num="195" type="stmt" count="183"/>
      <line num="196" type="stmt" count="183"/>
      <line num="197" type="stmt" count="183"/>
      <line num="201" type="stmt" count="183"/>
      <line num="202" type="stmt" count="183"/>
      <line num="211" type="method" name="getIIiii" visibility="public" complexity="3" crap="3" count="183"/>
      <line num="213" type="stmt" count="183"/>
      <line num="214" type="stmt" count="183"/>
      <line num="215" type="stmt" count="183"/>
      <line num="219" type="stmt" count="183"/>
      <line num="220" type="stmt" count="183"/>
      <line num="228" type="method" name="get99LaLaLa" visibility="public" complexity="2" crap="2" count="183"/>
      <line num="230" type="stmt" count="183"/>
      <line num="233" type="stmt" count="183"/>
      <line num="241" type="method" name="getQcL0L0L0L0" visibility="public" complexity="2" crap="2" count="183"/>
      <line num="243" type="stmt" count="183"/>
      <line num="246" type="stmt" count="183"/>
      <line num="255" type="method" name="getirixhVV" visibility="public" complexity="3" crap="3" count="183"/>
      <line num="257" type="stmt" count="183"/>
      <line num="258" type="stmt" count="183"/>
      <line num="259" type="stmt" count="183"/>
      <line num="263" type="stmt" count="183"/>
      <line num="264" type="stmt" count="183"/>
      <line num="273" type="method" name="getNddff" visibility="public" complexity="3" crap="3" count="183"/>
      <line num="275" type="stmt" count="183"/>
      <line num="276" type="stmt" count="183"/>
      <line num="277" type="stmt" count="183"/>
      <line num="281" type="stmt" count="183"/>
      <line num="282" type="stmt" count="183"/>
      <line num="291" type="method" name="get1SnTTT" visibility="public" complexity="6" crap="6" count="185"/>
      <line num="293" type="stmt" count="185"/>
      <line num="294" type="stmt" count="185"/>
      <line num="295" type="stmt" count="185"/>
      <line num="296" type="stmt" count="185"/>
      <line num="297" type="stmt" count="1"/>
      <line num="300" type="stmt" count="184"/>
      <line num="301" type="stmt" count="184"/>
      <line num="302" type="stmt" count="183"/>
      <line num="303" type="stmt" count="183"/>
      <line num="305" type="stmt" count="184"/>
      <line num="310" type="stmt" count="184"/>
      <line num="311" type="stmt" count="183"/>
      <line num="312" type="stmt" count="183"/>
      <line num="314" type="stmt" count="1"/>
      <line num="324" type="method" name="get2SnTdTdTd" visibility="public" complexity="6" crap="6" count="185"/>
      <line num="326" type="stmt" count="185"/>
      <line num="327" type="stmt" count="185"/>
      <line num="328" type="stmt" count="185"/>
      <line num="329" type="stmt" count="185"/>
      <line num="330" type="stmt" count="1"/>
      <line num="333" type="stmt" count="184"/>
      <line num="334" type="stmt" count="184"/>
      <line num="335" type="stmt" count="183"/>
      <line num="336" type="stmt" count="184"/>
      <line num="341" type="stmt" count="184"/>
      <line num="342" type="stmt" count="183"/>
      <line num="343" type="stmt" count="183"/>
      <line num="345" type="stmt" count="1"/>
      <line num="355" type="method" name="get3P0P0P0P0" visibility="public" complexity="6" crap="6" count="185"/>
      <line num="357" type="stmt" count="185"/>
      <line num="358" type="stmt" count="185"/>
      <line num="359" type="stmt" count="185"/>
      <line num="360" type="stmt" count="185"/>
      <line num="361" type="stmt" count="1"/>
      <line num="364" type="stmt" count="184"/>
      <line num="365" type="stmt" count="184"/>
      <line num="366" type="stmt" count="183"/>
      <line num="367" type="stmt" count="184"/>
      <line num="372" type="stmt" count="184"/>
      <line num="373" type="stmt" count="183"/>
      <line num="374" type="stmt" count="183"/>
      <line num="376" type="stmt" count="1"/>
      <line num="386" type="method" name="get4PPPP" visibility="public" complexity="6" crap="6" count="185"/>
      <line num="388" type="stmt" count="185"/>
      <line num="389" type="stmt" count="185"/>
      <line num="390" type="stmt" count="185"/>
      <line num="391" type="stmt" count="185"/>
      <line num="392" type="stmt" count="1"/>
      <line num="395" type="stmt" count="184"/>
      <line num="396" type="stmt" count="184"/>
      <line num="397" type="stmt" count="183"/>
      <line num="398" type="stmt" count="184"/>
      <line num="403" type="stmt" count="184"/>
      <line num="404" type="stmt" count="183"/>
      <line num="405" type="stmt" count="183"/>
      <line num="407" type="stmt" count="1"/>
      <line num="417" type="method" name="get5appp" visibility="public" complexity="6" crap="6" count="185"/>
      <line num="419" type="stmt" count="185"/>
      <line num="420" type="stmt" count="185"/>
      <line num="421" type="stmt" count="185"/>
      <line num="422" type="stmt" count="185"/>
      <line num="423" type="stmt" count="1"/>
      <line num="426" type="stmt" count="184"/>
      <line num="427" type="stmt" count="184"/>
      <line num="428" type="stmt" count="183"/>
      <line num="429" type="stmt" count="184"/>
      <line num="434" type="stmt" count="184"/>
      <line num="435" type="stmt" count="183"/>
      <line num="436" type="stmt" count="183"/>
      <line num="438" type="stmt" count="1"/>
      <line num="448" type="method" name="get6RRRtr" visibility="public" complexity="6" crap="6" count="185"/>
      <line num="450" type="stmt" count="185"/>
      <line num="451" type="stmt" count="185"/>
      <line num="452" type="stmt" count="185"/>
      <line num="453" type="stmt" count="185"/>
      <line num="454" type="stmt" count="1"/>
      <line num="457" type="stmt" count="184"/>
      <line num="458" type="stmt" count="184"/>
      <line num="459" type="stmt" count="183"/>
      <line num="460" type="stmt" count="184"/>
      <line num="465" type="stmt" count="184"/>
      <line num="466" type="stmt" count="183"/>
      <line num="467" type="stmt" count="183"/>
      <line num="469" type="stmt" count="1"/>
      <line num="479" type="method" name="get7wwW1W2" visibility="public" complexity="6" crap="6" count="185"/>
      <line num="481" type="stmt" count="185"/>
      <line num="482" type="stmt" count="185"/>
      <line num="483" type="stmt" count="185"/>
      <line num="484" type="stmt" count="185"/>
      <line num="485" type="stmt" count="1"/>
      <line num="488" type="stmt" count="184"/>
      <line num="489" type="stmt" count="184"/>
      <line num="490" type="stmt" count="183"/>
      <line num="491" type="stmt" count="184"/>
      <line num="496" type="stmt" count="184"/>
      <line num="497" type="stmt" count="183"/>
      <line num="498" type="stmt" count="183"/>
      <line num="500" type="stmt" count="1"/>
      <line num="510" type="method" name="get8NhClCmCh" visibility="public" complexity="6" crap="6" count="185"/>
      <line num="512" type="stmt" count="185"/>
      <line num="513" type="stmt" count="185"/>
      <line num="514" type="stmt" count="185"/>
      <line num="515" type="stmt" count="185"/>
      <line num="516" type="stmt" count="1"/>
      <line num="519" type="stmt" count="184"/>
      <line num="520" type="stmt" count="184"/>
      <line num="521" type="stmt" count="183"/>
      <line num="522" type="stmt" count="184"/>
      <line num="527" type="stmt" count="184"/>
      <line num="528" type="stmt" count="183"/>
      <line num="529" type="stmt" count="183"/>
      <line num="531" type="stmt" count="1"/>
      <line num="539" type="method" name="get9hh" visibility="public" complexity="6" crap="6" count="3"/>
      <line num="541" type="stmt" count="3"/>
      <line num="542" type="stmt" count="3"/>
      <line num="543" type="stmt" count="3"/>
      <line num="544" type="stmt" count="3"/>
      <line num="545" type="stmt" count="1"/>
      <line num="548" type="stmt" count="2"/>
      <line num="549" type="stmt" count="2"/>
      <line num="550" type="stmt" count="2"/>
      <line num="555" type="stmt" count="2"/>
      <line num="556" type="stmt" count="1"/>
      <line num="557" type="stmt" count="1"/>
      <line num="559" type="stmt" count="1"/>
      <line num="568" type="method" name="get222DsVs" visibility="public" complexity="5" crap="5.01" count="183"/>
      <line num="570" type="stmt" count="183"/>
      <line num="572" type="stmt" count="183"/>
      <line num="573" type="stmt" count="1"/>
      <line num="574" type="stmt" count="1"/>
      <line num="575" type="stmt" count="1"/>
      <line num="576" type="stmt" count="1"/>
      <line num="577" type="stmt" count="1"/>
      <line num="578" type="stmt" count="1"/>
      <line num="579" type="stmt" count="1"/>
      <line num="580" type="stmt" count="1"/>
      <line num="581" type="stmt" count="1"/>
      <line num="582" type="stmt" count="1"/>
      <line num="585" type="stmt" count="182"/>
      <line num="588" type="stmt" count="0"/>
      <line num="595" type="method" name="getTwoPipes" visibility="public" complexity="1" crap="1" count="3"/>
      <line num="598" type="stmt" count="3"/>
      <line num="615" type="method" name="get333" visibility="public" complexity="5" crap="5.01" count="183"/>
      <line num="617" type="stmt" count="183"/>
      <line num="619" type="stmt" count="183"/>
      <line num="620" type="stmt" count="183"/>
      <line num="621" type="stmt" count="183"/>
      <line num="622" type="stmt" count="183"/>
      <line num="623" type="stmt" count="183"/>
      <line num="624" type="stmt" count="183"/>
      <line num="625" type="stmt" count="183"/>
      <line num="626" type="stmt" count="183"/>
      <line num="627" type="stmt" count="183"/>
      <line num="628" type="stmt" count="183"/>
      <line num="629" type="stmt" count="183"/>
      <line num="635" type="stmt" count="0"/>
      <line num="642" type="method" name="getThreePipes" visibility="public" complexity="1" crap="1" count="185"/>
      <line num="645" type="stmt" count="185"/>
      <line num="661" type="method" name="get444" visibility="public" complexity="5" crap="5" count="183"/>
      <line num="663" type="stmt" count="183"/>
      <line num="665" type="stmt" count="183"/>
      <line num="666" type="stmt" count="183"/>
      <line num="667" type="stmt" count="183"/>
      <line num="668" type="stmt" count="1"/>
      <line num="669" type="stmt" count="1"/>
      <line num="670" type="stmt" count="1"/>
      <line num="671" type="stmt" count="1"/>
      <line num="672" type="stmt" count="1"/>
      <line num="673" type="stmt" count="1"/>
      <line num="674" type="stmt" count="1"/>
      <line num="675" type="stmt" count="183"/>
      <line num="681" type="stmt" count="182"/>
      <line num="688" type="method" name="getFourPipes" visibility="public" complexity="1" crap="1" count="3"/>
      <line num="690" type="stmt" count="3"/>
      <line num="698" type="method" name="get555" visibility="public" complexity="5" crap="5.01" count="183"/>
      <line num="700" type="stmt" count="183"/>
      <line num="701" type="stmt" count="183"/>
      <line num="702" type="stmt" count="183"/>
      <line num="703" type="stmt" count="183"/>
      <line num="704" type="stmt" count="183"/>
      <line num="705" type="stmt" count="183"/>
      <line num="706" type="stmt" count="183"/>
      <line num="707" type="stmt" count="183"/>
      <line num="708" type="stmt" count="183"/>
      <line num="709" type="stmt" count="183"/>
      <line num="710" type="stmt" count="183"/>
      <line num="711" type="stmt" count="183"/>
      <line num="717" type="stmt" count="0"/>
      <line num="724" type="method" name="getFivePipes" visibility="public" complexity="1" crap="1" count="185"/>
      <line num="727" type="stmt" count="185"/>
      <metrics loc="736" ncloc="526" classes="1" methods="31" coveredmethods="26" conditionals="0" coveredconditionals="0" statements="230" coveredstatements="224" elements="261" coveredelements="250"/>
    </file>
    <file name="C:\OpenServerPanel\domains\synop.local\src\Decoder\GroupDecoder\AdditionalCloudInformationDecoder.php">
      <class name="Soandso\Synop\Decoder\GroupDecoder\AdditionalCloudInformationDecoder" namespace="global">
        <metrics complexity="30" methods="14" coveredmethods="13" conditionals="0" coveredconditionals="0" statements="50" coveredstatements="48" elements="64" coveredelements="61"/>
      </class>
      <line num="74" type="method" name="__construct" visibility="public" complexity="1" crap="1" count="95"/>
      <line num="76" type="stmt" count="95"/>
      <line num="85" type="method" name="isGroup" visibility="public" complexity="2" crap="2" count="54"/>
      <line num="87" type="stmt" count="54"/>
      <line num="89" type="stmt" count="54"/>
      <line num="90" type="stmt" count="53"/>
      <line num="91" type="stmt" count="53"/>
      <line num="92" type="stmt" count="53"/>
      <line num="94" type="stmt" count="53"/>
      <line num="97" type="stmt" count="1"/>
      <line num="105" type="method" name="getCodeAmountCloud" visibility="public" complexity="3" crap="3" count="60"/>
      <line num="107" type="stmt" count="60"/>
      <line num="108" type="stmt" count="60"/>
      <line num="109" type="stmt" count="57"/>
      <line num="110" type="stmt" count="3"/>
      <line num="111" type="stmt" count="2"/>
      <line num="113" type="stmt" count="1"/>
      <line num="122" type="method" name="getAmountCloud" visibility="public" complexity="2" crap="2" count="56"/>
      <line num="124" type="stmt" count="56"/>
      <line num="125" type="stmt" count="56"/>
      <line num="126" type="stmt" count="1"/>
      <line num="129" type="stmt" count="55"/>
      <line num="137" type="method" name="getFormCloud" visibility="public" complexity="2" crap="2" count="56"/>
      <line num="139" type="stmt" count="56"/>
      <line num="140" type="stmt" count="56"/>
      <line num="141" type="stmt" count="55"/>
      <line num="143" type="stmt" count="1"/>
      <line num="151" type="method" name="getCodeHeightCloud" visibility="public" complexity="2" crap="2" count="61"/>
      <line num="153" type="stmt" count="61"/>
      <line num="154" type="stmt" count="61"/>
      <line num="155" type="stmt" count="5"/>
      <line num="158" type="stmt" count="56"/>
      <line num="166" type="method" name="getHeightCloud" visibility="public" complexity="9" crap="9.29" count="57"/>
      <line num="168" type="stmt" count="57"/>
      <line num="169" type="stmt" count="57"/>
      <line num="170" type="stmt" count="3"/>
      <line num="173" type="stmt" count="54"/>
      <line num="174" type="stmt" count="1"/>
      <line num="177" type="stmt" count="53"/>
      <line num="178" type="stmt" count="53"/>
      <line num="179" type="stmt" count="52"/>
      <line num="180" type="stmt" count="1"/>
      <line num="181" type="stmt" count="0"/>
      <line num="182" type="stmt" count="1"/>
      <line num="183" type="stmt" count="0"/>
      <line num="185" type="stmt" count="1"/>
      <line num="194" type="method" name="get0050Height" visibility="public" complexity="2" crap="2" count="55"/>
      <line num="196" type="stmt" count="55"/>
      <line num="197" type="stmt" count="1"/>
      <line num="200" type="stmt" count="54"/>
      <line num="208" type="method" name="get5080Height" visibility="public" complexity="1" crap="1" count="2"/>
      <line num="210" type="stmt" count="2"/>
      <line num="218" type="method" name="get8189Height" visibility="public" complexity="2" crap="2" count="3"/>
      <line num="220" type="stmt" count="3"/>
      <line num="221" type="stmt" count="1"/>
      <line num="224" type="stmt" count="2"/>
      <line num="232" type="method" name="getCodeFigureIndicator" visibility="private" complexity="1" crap="1" count="56"/>
      <line num="234" type="stmt" count="56"/>
      <line num="242" type="method" name="getCodeFigureAmount" visibility="private" complexity="1" crap="1" count="56"/>
      <line num="244" type="stmt" count="56"/>
      <line num="252" type="method" name="getCodeFigureForm" visibility="private" complexity="1" crap="1" count="56"/>
      <line num="254" type="stmt" count="56"/>
      <line num="262" type="method" name="getCodeFigureHeight" visibility="private" complexity="1" crap="1" count="56"/>
      <line num="264" type="stmt" count="56"/>
      <metrics loc="267" ncloc="184" classes="1" methods="14" coveredmethods="13" conditionals="0" coveredconditionals="0" statements="50" coveredstatements="48" elements="64" coveredelements="61"/>
    </file>
    <file name="C:\OpenServerPanel\domains\synop.local\src\Decoder\GroupDecoder\AirTemperatureDecoder.php">
      <class name="Soandso\Synop\Decoder\GroupDecoder\AirTemperatureDecoder" namespace="global">
        <metrics complexity="9" methods="7" coveredmethods="7" conditionals="0" coveredconditionals="0" statements="17" coveredstatements="17" elements="24" coveredelements="24"/>
      </class>
      <line num="32" type="method" name="__construct" visibility="public" complexity="2" crap="2" count="241"/>
      <line num="34" type="stmt" count="241"/>
      <line num="35" type="stmt" count="241"/>
      <line num="45" type="method" name="isGroup" visibility="public" complexity="2" crap="2" count="226"/>
      <line num="47" type="stmt" count="226"/>
      <line num="49" type="stmt" count="226"/>
      <line num="50" type="stmt" count="225"/>
      <line num="51" type="stmt" count="225"/>
      <line num="53" type="stmt" count="225"/>
      <line num="56" type="stmt" count="1"/>
      <line num="63" type="method" name="getSignTemperature" visibility="public" complexity="1" crap="1" count="227"/>
      <line num="65" type="stmt" count="227"/>
      <line num="73" type="method" name="getTemperatureValue" visibility="public" complexity="1" crap="1" count="227"/>
      <line num="75" type="stmt" count="227"/>
      <line num="76" type="stmt" count="227"/>
      <line num="77" type="stmt" count="227"/>
      <line num="78" type="stmt" count="227"/>
      <line num="80" type="stmt" count="227"/>
      <line num="88" type="method" name="getCodeFigureDistNumber" visibility="public" complexity="1" crap="1" count="228"/>
      <line num="90" type="stmt" count="228"/>
      <line num="98" type="method" name="getCodeFigureSignTemperature" visibility="public" complexity="1" crap="1" count="228"/>
      <line num="100" type="stmt" count="228"/>
      <line num="108" type="method" name="getCodeFigureTemperature" visibility="public" complexity="1" crap="1" count="228"/>
      <line num="110" type="stmt" count="228"/>
      <metrics loc="113" ncloc="70" classes="1" methods="7" coveredmethods="7" conditionals="0" coveredconditionals="0" statements="17" coveredstatements="17" elements="24" coveredelements="24"/>
    </file>
    <file name="C:\OpenServerPanel\domains\synop.local\src\Decoder\GroupDecoder\AmountRainfallDecoder.php">
      <class name="Soandso\Synop\Decoder\GroupDecoder\AmountRainfallDecoder" namespace="global">
        <metrics complexity="15" methods="10" coveredmethods="10" conditionals="0" coveredconditionals="0" statements="23" coveredstatements="23" elements="33" coveredelements="33"/>
      </class>
      <line num="36" type="method" name="__construct" visibility="public" complexity="1" crap="1" count="260"/>
      <line num="38" type="stmt" count="260"/>
      <line num="47" type="method" name="isGroup" visibility="public" complexity="2" crap="2" count="225"/>
      <line num="49" type="stmt" count="225"/>
      <line num="51" type="stmt" count="225"/>
      <line num="52" type="stmt" count="224"/>
      <line num="53" type="stmt" count="224"/>
      <line num="55" type="stmt" count="224"/>
      <line num="58" type="stmt" count="1"/>
      <line num="61" type="method" name="getAmountRainfall" visibility="public" complexity="3" crap="3" count="231"/>
      <line num="64" type="stmt" count="231"/>
      <line num="66" type="stmt" count="231"/>
      <line num="67" type="stmt" count="4"/>
      <line num="69" type="stmt" count="229"/>
      <line num="77" type="method" name="getDurationPeriodNumber" visibility="public" complexity="1" crap="1" count="226"/>
      <line num="79" type="stmt" count="226"/>
      <line num="86" type="method" name="getDurationPeriod" visibility="public" complexity="1" crap="1" count="226"/>
      <line num="88" type="stmt" count="226"/>
      <line num="90" type="stmt" count="226"/>
      <line num="98" type="method" name="valueWithTenths" visibility="public" complexity="2" crap="2" count="10"/>
      <line num="102" type="stmt" count="10"/>
      <line num="103" type="stmt" count="3"/>
      <line num="106" type="stmt" count="7"/>
      <line num="114" type="method" name="integerValues" visibility="public" complexity="2" crap="2" count="235"/>
      <line num="116" type="stmt" count="235"/>
      <line num="117" type="stmt" count="4"/>
      <line num="120" type="stmt" count="231"/>
      <line num="128" type="method" name="getCodeFigureIndicator" visibility="private" complexity="1" crap="1" count="227"/>
      <line num="130" type="stmt" count="227"/>
      <line num="138" type="method" name="getCodeFigureAmount" visibility="private" complexity="1" crap="1" count="227"/>
      <line num="140" type="stmt" count="227"/>
      <line num="148" type="method" name="getCodeFigurePeriod" visibility="private" complexity="1" crap="1" count="227"/>
      <line num="150" type="stmt" count="227"/>
      <metrics loc="153" ncloc="98" classes="1" methods="10" coveredmethods="10" conditionals="0" coveredconditionals="0" statements="23" coveredstatements="23" elements="33" coveredelements="33"/>
    </file>
    <file name="C:\OpenServerPanel\domains\synop.local\src\Decoder\GroupDecoder\BaricTendencyDecoder.php">
      <class name="Soandso\Synop\Decoder\GroupDecoder\BaricTendencyDecoder" namespace="global">
        <metrics complexity="8" methods="7" coveredmethods="6" conditionals="0" coveredconditionals="0" statements="15" coveredstatements="14" elements="22" coveredelements="20"/>
      </class>
      <line num="28" type="method" name="__construct" visibility="public" complexity="1" crap="1" count="229"/>
      <line num="30" type="stmt" count="229"/>
      <line num="39" type="method" name="isGroup" visibility="public" complexity="2" crap="2.03" count="214"/>
      <line num="41" type="stmt" count="214"/>
      <line num="43" type="stmt" count="214"/>
      <line num="44" type="stmt" count="214"/>
      <line num="45" type="stmt" count="214"/>
      <line num="48" type="stmt" count="0"/>
      <line num="55" type="method" name="getCharacteristicChange" visibility="public" complexity="1" crap="1" count="215"/>
      <line num="57" type="stmt" count="215"/>
      <line num="64" type="method" name="getBaricTendency" visibility="public" complexity="1" crap="1" count="215"/>
      <line num="66" type="stmt" count="215"/>
      <line num="67" type="stmt" count="215"/>
      <line num="68" type="stmt" count="215"/>
      <line num="69" type="stmt" count="215"/>
      <line num="71" type="stmt" count="215"/>
      <line num="79" type="method" name="getCodeFigureIndicator" visibility="private" complexity="1" crap="1" count="217"/>
      <line num="81" type="stmt" count="217"/>
      <line num="89" type="method" name="getCodeFigureCharacteristic" visibility="private" complexity="1" crap="1" count="217"/>
      <line num="91" type="stmt" count="217"/>
      <line num="99" type="method" name="getCodeFigureChange" visibility="private" complexity="1" crap="1" count="217"/>
      <line num="101" type="stmt" count="217"/>
      <metrics loc="104" ncloc="64" classes="1" methods="7" coveredmethods="6" conditionals="0" coveredconditionals="0" statements="15" coveredstatements="14" elements="22" coveredelements="20"/>
    </file>
    <file name="C:\OpenServerPanel\domains\synop.local\src\Decoder\GroupDecoder\CloudPresentDecoder.php">
      <class name="Soandso\Synop\Decoder\GroupDecoder\CloudPresentDecoder" namespace="global">
        <metrics complexity="16" methods="11" coveredmethods="10" conditionals="0" coveredconditionals="0" statements="29" coveredstatements="28" elements="40" coveredelements="38"/>
      </class>
      <line num="95" type="method" name="__construct" visibility="public" complexity="1" crap="1" count="273"/>
      <line num="97" type="stmt" count="273"/>
      <line num="106" type="method" name="isGroup" visibility="public" complexity="2" crap="2" count="243"/>
      <line num="108" type="stmt" count="243"/>
      <line num="110" type="stmt" count="243"/>
      <line num="111" type="stmt" count="242"/>
      <line num="112" type="stmt" count="242"/>
      <line num="113" type="stmt" count="242"/>
      <line num="115" type="stmt" count="242"/>
      <line num="118" type="stmt" count="1"/>
      <line num="125" type="method" name="getAmountLowCloudSymbol" visibility="public" complexity="1" crap="1" count="249"/>
      <line num="127" type="stmt" count="249"/>
      <line num="135" type="method" name="getAmountLowCloud" visibility="public" complexity="2" crap="2" count="245"/>
      <line num="137" type="stmt" count="245"/>
      <line num="138" type="stmt" count="245"/>
      <line num="139" type="stmt" count="244"/>
      <line num="141" type="stmt" count="1"/>
      <line num="149" type="method" name="getFormLowCloudSymbol" visibility="public" complexity="1" crap="1" count="249"/>
      <line num="151" type="stmt" count="249"/>
      <line num="159" type="method" name="getFormLowCloud" visibility="public" complexity="2" crap="2" count="245"/>
      <line num="161" type="stmt" count="245"/>
      <line num="162" type="stmt" count="245"/>
      <line num="163" type="stmt" count="244"/>
      <line num="165" type="stmt" count="1"/>
      <line num="173" type="method" name="getFormMediumCloudSymbol" visibility="public" complexity="1" crap="1" count="248"/>
      <line num="175" type="stmt" count="248"/>
      <line num="183" type="method" name="getFormMediumCloud" visibility="public" complexity="2" crap="2.06" count="244"/>
      <line num="185" type="stmt" count="244"/>
      <line num="186" type="stmt" count="244"/>
      <line num="187" type="stmt" count="244"/>
      <line num="189" type="stmt" count="0"/>
      <line num="197" type="method" name="getFormHighCloudSymbol" visibility="public" complexity="1" crap="1" count="249"/>
      <line num="199" type="stmt" count="249"/>
      <line num="207" type="method" name="getFormHighCloud" visibility="public" complexity="2" crap="2" count="245"/>
      <line num="209" type="stmt" count="245"/>
      <line num="210" type="stmt" count="245"/>
      <line num="211" type="stmt" count="244"/>
      <line num="213" type="stmt" count="1"/>
      <line num="222" type="method" name="getCodeFigure" visibility="private" complexity="1" crap="1" count="245"/>
      <line num="224" type="stmt" count="245"/>
      <metrics loc="227" ncloc="157" classes="1" methods="11" coveredmethods="10" conditionals="0" coveredconditionals="0" statements="29" coveredstatements="28" elements="40" coveredelements="38"/>
    </file>
    <file name="C:\OpenServerPanel\domains\synop.local\src\Decoder\GroupDecoder\CloudWindDecoder.php">
      <class name="Soandso\Synop\Decoder\GroupDecoder\CloudWindDecoder" namespace="global">
        <metrics complexity="10" methods="9" coveredmethods="9" conditionals="0" coveredconditionals="0" statements="13" coveredstatements="13" elements="22" coveredelements="22"/>
      </class>
      <line num="35" type="method" name="__construct" visibility="public" complexity="1" crap="1" count="222"/>
      <line num="37" type="stmt" count="222"/>
      <line num="40" type="method" name="isGroup" visibility="public" complexity="1" crap="1" count="200"/>
      <line num="42" type="stmt" count="200"/>
      <line num="43" type="stmt" count="200"/>
      <line num="51" type="method" name="getN" visibility="public" complexity="2" crap="2" count="202"/>
      <line num="53" type="stmt" count="202"/>
      <line num="54" type="stmt" count="202"/>
      <line num="55" type="stmt" count="201"/>
      <line num="58" type="stmt" count="1"/>
      <line num="65" type="method" name="getDd" visibility="public" complexity="1" crap="1" count="201"/>
      <line num="67" type="stmt" count="201"/>
      <line num="74" type="method" name="getVv" visibility="public" complexity="1" crap="1" count="201"/>
      <line num="76" type="stmt" count="201"/>
      <line num="83" type="method" name="getNData" visibility="private" complexity="1" crap="1" count="205"/>
      <line num="85" type="stmt" count="205"/>
      <line num="93" type="method" name="getCodeFigureN" visibility="private" complexity="1" crap="1" count="203"/>
      <line num="95" type="stmt" count="203"/>
      <line num="103" type="method" name="getCodeFigureDd" visibility="private" complexity="1" crap="1" count="203"/>
      <line num="105" type="stmt" count="203"/>
      <line num="113" type="method" name="getCodeFigureVv" visibility="private" complexity="1" crap="1" count="203"/>
      <line num="115" type="stmt" count="203"/>
      <metrics loc="118" ncloc="78" classes="1" methods="9" coveredmethods="9" conditionals="0" coveredconditionals="0" statements="13" coveredstatements="13" elements="22" coveredelements="22"/>
    </file>
    <file name="C:\OpenServerPanel\domains\synop.local\src\Decoder\GroupDecoder\DateDecoder.php">
      <class name="Soandso\Synop\Decoder\GroupDecoder\DateDecoder" namespace="global">
        <metrics complexity="8" methods="7" coveredmethods="7" conditionals="0" coveredconditionals="0" statements="10" coveredstatements="10" elements="17" coveredelements="17"/>
      </class>
      <line num="24" type="method" name="__construct" visibility="public" complexity="1" crap="1" count="224"/>
      <line num="26" type="stmt" count="224"/>
      <line num="29" type="method" name="isGroup" visibility="public" complexity="1" crap="1" count="210"/>
      <line num="31" type="stmt" count="210"/>
      <line num="34" type="method" name="getDay" visibility="public" complexity="1" crap="1" count="213"/>
      <line num="36" type="stmt" count="213"/>
      <line num="39" type="method" name="getHour" visibility="public" complexity="1" crap="1" count="212"/>
      <line num="41" type="stmt" count="212"/>
      <line num="44" type="method" name="getIw" visibility="public" complexity="2" crap="2" count="213"/>
      <line num="46" type="stmt" count="213"/>
      <line num="47" type="stmt" count="213"/>
      <line num="48" type="stmt" count="212"/>
      <line num="51" type="stmt" count="1"/>
      <line num="54" type="method" name="getIwElement" visibility="private" complexity="1" crap="1" count="216"/>
      <line num="56" type="stmt" count="216"/>
      <line num="59" type="method" name="getIwData" visibility="private" complexity="1" crap="1" count="216"/>
      <line num="61" type="stmt" count="216"/>
      <metrics loc="64" ncloc="59" classes="1" methods="7" coveredmethods="7" conditionals="0" coveredconditionals="0" statements="10" coveredstatements="10" elements="17" coveredelements="17"/>
    </file>
    <file name="C:\OpenServerPanel\domains\synop.local\src\Decoder\GroupDecoder\DewPointTemperatureDecoder.php">
      <class name="Soandso\Synop\Decoder\GroupDecoder\DewPointTemperatureDecoder" namespace="global">
        <metrics complexity="8" methods="7" coveredmethods="7" conditionals="0" coveredconditionals="0" statements="16" coveredstatements="16" elements="23" coveredelements="23"/>
      </class>
      <line num="28" type="method" name="__construct" visibility="public" complexity="1" crap="1" count="235"/>
      <line num="30" type="stmt" count="235"/>
      <line num="39" type="method" name="isGroup" visibility="public" complexity="2" crap="2" count="220"/>
      <line num="41" type="stmt" count="220"/>
      <line num="43" type="stmt" count="220"/>
      <line num="44" type="stmt" count="219"/>
      <line num="45" type="stmt" count="219"/>
      <line num="47" type="stmt" count="219"/>
      <line num="50" type="stmt" count="1"/>
      <line num="57" type="method" name="getSignDewPointTemperature" visibility="public" complexity="1" crap="1" count="221"/>
      <line num="59" type="stmt" count="221"/>
      <line num="66" type="method" name="getDewPointTemperature" visibility="public" complexity="1" crap="1" count="221"/>
      <line num="68" type="stmt" count="221"/>
      <line num="69" type="stmt" count="221"/>
      <line num="70" type="stmt" count="221"/>
      <line num="71" type="stmt" count="221"/>
      <line num="73" type="stmt" count="221"/>
      <line num="81" type="method" name="getCodeFigureDistNumber" visibility="public" complexity="1" crap="1" count="222"/>
      <line num="83" type="stmt" count="222"/>
      <line num="91" type="method" name="getCodeFigureSignDwPTemperature" visibility="public" complexity="1" crap="1" count="222"/>
      <line num="93" type="stmt" count="222"/>
      <line num="101" type="method" name="getCodeFigureDwPTemperature" visibility="public" complexity="1" crap="1" count="222"/>
      <line num="103" type="stmt" count="222"/>
      <metrics loc="106" ncloc="66" classes="1" methods="7" coveredmethods="7" conditionals="0" coveredconditionals="0" statements="16" coveredstatements="16" elements="23" coveredelements="23"/>
    </file>
    <file name="C:\OpenServerPanel\domains\synop.local\src\Decoder\GroupDecoder\GroundWithSnowDecoder.php">
      <class name="Soandso\Synop\Decoder\GroupDecoder\GroundWithSnowDecoder" namespace="global">
        <metrics complexity="12" methods="8" coveredmethods="8" conditionals="0" coveredconditionals="0" statements="22" coveredstatements="22" elements="30" coveredelements="30"/>
      </class>
      <line num="53" type="method" name="__construct" visibility="public" complexity="1" crap="1" count="67"/>
      <line num="55" type="stmt" count="67"/>
      <line num="64" type="method" name="isGroup" visibility="public" complexity="2" crap="2" count="45"/>
      <line num="66" type="stmt" count="45"/>
      <line num="68" type="stmt" count="45"/>
      <line num="69" type="stmt" count="44"/>
      <line num="70" type="stmt" count="44"/>
      <line num="72" type="stmt" count="44"/>
      <line num="75" type="stmt" count="1"/>
      <line num="83" type="method" name="getCodeGroundState" visibility="public" complexity="2" crap="2" count="47"/>
      <line num="85" type="stmt" count="47"/>
      <line num="86" type="stmt" count="47"/>
      <line num="87" type="stmt" count="46"/>
      <line num="89" type="stmt" count="1"/>
      <line num="98" type="method" name="getGroundState" visibility="public" complexity="2" crap="2" count="47"/>
      <line num="100" type="stmt" count="47"/>
      <line num="101" type="stmt" count="47"/>
      <line num="102" type="stmt" count="46"/>
      <line num="104" type="stmt" count="1"/>
      <line num="112" type="method" name="getDepthSnow" visibility="public" complexity="2" crap="2" count="48"/>
      <line num="114" type="stmt" count="48"/>
      <line num="115" type="stmt" count="48"/>
      <line num="116" type="stmt" count="46"/>
      <line num="119" type="stmt" count="2"/>
      <line num="127" type="method" name="getCodeFigureIndicator" visibility="private" complexity="1" crap="1" count="47"/>
      <line num="129" type="stmt" count="47"/>
      <line num="136" type="method" name="getCodeFigureStateGround" visibility="private" complexity="1" crap="1" count="47"/>
      <line num="138" type="stmt" count="47"/>
      <line num="146" type="method" name="getCodeFigureDepthSnow" visibility="private" complexity="1" crap="1" count="47"/>
      <line num="148" type="stmt" count="47"/>
      <metrics loc="151" ncloc="99" classes="1" methods="8" coveredmethods="8" conditionals="0" coveredconditionals="0" statements="22" coveredstatements="22" elements="30" coveredelements="30"/>
    </file>
    <file name="C:\OpenServerPanel\domains\synop.local\src\Decoder\GroupDecoder\GroundWithoutSnowDecoder.php">
      <class name="Soandso\Synop\Decoder\GroupDecoder\GroundWithoutSnowDecoder" namespace="global">
        <metrics complexity="13" methods="10" coveredmethods="10" conditionals="0" coveredconditionals="0" statements="23" coveredstatements="23" elements="33" coveredelements="33"/>
      </class>
      <line num="44" type="method" name="__construct" visibility="public" complexity="1" crap="1" count="86"/>
      <line num="46" type="stmt" count="86"/>
      <line num="55" type="method" name="isGroup" visibility="public" complexity="2" crap="2" count="60"/>
      <line num="57" type="stmt" count="60"/>
      <line num="59" type="stmt" count="60"/>
      <line num="60" type="stmt" count="59"/>
      <line num="61" type="stmt" count="59"/>
      <line num="62" type="stmt" count="59"/>
      <line num="64" type="stmt" count="59"/>
      <line num="67" type="stmt" count="1"/>
      <line num="75" type="method" name="getCodeGroundState" visibility="public" complexity="2" crap="2" count="62"/>
      <line num="77" type="stmt" count="62"/>
      <line num="78" type="stmt" count="62"/>
      <line num="79" type="stmt" count="61"/>
      <line num="81" type="stmt" count="1"/>
      <line num="90" type="method" name="getGroundState" visibility="public" complexity="2" crap="2" count="62"/>
      <line num="92" type="stmt" count="62"/>
      <line num="93" type="stmt" count="62"/>
      <line num="94" type="stmt" count="61"/>
      <line num="96" type="stmt" count="1"/>
      <line num="105" type="method" name="getGroundSignTemperature" visibility="public" complexity="1" crap="1" count="61"/>
      <line num="107" type="stmt" count="61"/>
      <line num="114" type="method" name="getGroundMinTemperature" visibility="public" complexity="1" crap="1" count="61"/>
      <line num="116" type="stmt" count="61"/>
      <line num="118" type="stmt" count="61"/>
      <line num="126" type="method" name="getCodeFigureIndicator" visibility="private" complexity="1" crap="1" count="62"/>
      <line num="128" type="stmt" count="62"/>
      <line num="136" type="method" name="getCodeFigureStateGround" visibility="private" complexity="1" crap="1" count="62"/>
      <line num="138" type="stmt" count="62"/>
      <line num="146" type="method" name="getCodeFigureSignTemperature" visibility="private" complexity="1" crap="1" count="62"/>
      <line num="148" type="stmt" count="62"/>
      <line num="156" type="method" name="getCodeFigureMinTemperature" visibility="private" complexity="1" crap="1" count="62"/>
      <line num="158" type="stmt" count="62"/>
      <metrics loc="161" ncloc="101" classes="1" methods="10" coveredmethods="10" conditionals="0" coveredconditionals="0" statements="23" coveredstatements="23" elements="33" coveredelements="33"/>
    </file>
    <file name="C:\OpenServerPanel\domains\synop.local\src\Decoder\GroupDecoder\GroupDecoderInterface.php">
      <metrics loc="24" ncloc="11" classes="0" methods="0" coveredmethods="0" conditionals="0" coveredconditionals="0" statements="0" coveredstatements="0" elements="0" coveredelements="0"/>
    </file>
    <file name="C:\OpenServerPanel\domains\synop.local\src\Decoder\GroupDecoder\IndexDecoder.php">
      <class name="Soandso\Synop\Decoder\GroupDecoder\IndexDecoder" namespace="global">
        <metrics complexity="5" methods="5" coveredmethods="5" conditionals="0" coveredconditionals="0" statements="5" coveredstatements="5" elements="10" coveredelements="10"/>
      </class>
      <line num="17" type="method" name="__construct" visibility="public" complexity="1" crap="1" count="227"/>
      <line num="19" type="stmt" count="227"/>
      <line num="22" type="method" name="isGroup" visibility="public" complexity="1" crap="1" count="218"/>
      <line num="24" type="stmt" count="218"/>
      <line num="27" type="method" name="getArea" visibility="public" complexity="1" crap="1" count="221"/>
      <line num="29" type="stmt" count="221"/>
      <line num="32" type="method" name="getNumber" visibility="public" complexity="1" crap="1" count="221"/>
      <line num="34" type="stmt" count="221"/>
      <line num="37" type="method" name="getIndex" visibility="public" complexity="1" crap="1" count="219"/>
      <line num="39" type="stmt" count="219"/>
      <metrics loc="42" ncloc="37" classes="1" methods="5" coveredmethods="5" conditionals="0" coveredconditionals="0" statements="5" coveredstatements="5" elements="10" coveredelements="10"/>
    </file>
    <file name="C:\OpenServerPanel\domains\synop.local\src\Decoder\GroupDecoder\LowCloudVisibilityDecoder.php">
      <class name="Soandso\Synop\Decoder\GroupDecoder\LowCloudVisibilityDecoder" namespace="global">
        <metrics complexity="39" methods="14" coveredmethods="11" conditionals="0" coveredconditionals="0" statements="60" coveredstatements="30" elements="74" coveredelements="41"/>
      </class>
      <line num="56" type="method" name="__construct" visibility="public" complexity="1" crap="1" count="260"/>
      <line num="58" type="stmt" count="260"/>
      <line num="61" type="method" name="isGroup" visibility="public" complexity="1" crap="1" count="226"/>
      <line num="63" type="stmt" count="226"/>
      <line num="66" type="method" name="getIr" visibility="public" complexity="2" crap="2" count="228"/>
      <line num="68" type="stmt" count="228"/>
      <line num="69" type="stmt" count="228"/>
      <line num="70" type="stmt" count="227"/>
      <line num="73" type="stmt" count="1"/>
      <line num="76" type="method" name="getIx" visibility="public" complexity="2" crap="2.06" count="227"/>
      <line num="78" type="stmt" count="227"/>
      <line num="79" type="stmt" count="227"/>
      <line num="80" type="stmt" count="227"/>
      <line num="83" type="stmt" count="0"/>
      <line num="86" type="method" name="getH" visibility="public" complexity="2" crap="2.06" count="226"/>
      <line num="88" type="stmt" count="226"/>
      <line num="89" type="stmt" count="226"/>
      <line num="90" type="stmt" count="226"/>
      <line num="93" type="stmt" count="0"/>
      <line num="96" type="method" name="getVV" visibility="public" complexity="1" crap="1" count="226"/>
      <line num="98" type="stmt" count="226"/>
      <line num="99" type="stmt" count="226"/>
      <line num="108" type="method" name="getVisValue" visibility="private" complexity="23" crap="252.26" count="228"/>
      <line num="110" type="stmt" count="228"/>
      <line num="111" type="stmt" count="228"/>
      <line num="112" type="stmt" count="0"/>
      <line num="113" type="stmt" count="228"/>
      <line num="114" type="stmt" count="2"/>
      <line num="115" type="stmt" count="226"/>
      <line num="116" type="stmt" count="0"/>
      <line num="117" type="stmt" count="226"/>
      <line num="118" type="stmt" count="0"/>
      <line num="119" type="stmt" count="226"/>
      <line num="120" type="stmt" count="226"/>
      <line num="121" type="stmt" count="0"/>
      <line num="123" type="stmt" count="226"/>
      <line num="125" type="stmt" count="0"/>
      <line num="126" type="stmt" count="0"/>
      <line num="127" type="stmt" count="0"/>
      <line num="128" type="stmt" count="0"/>
      <line num="129" type="stmt" count="0"/>
      <line num="131" type="stmt" count="0"/>
      <line num="132" type="stmt" count="0"/>
      <line num="134" type="stmt" count="0"/>
      <line num="135" type="stmt" count="0"/>
      <line num="137" type="stmt" count="0"/>
      <line num="138" type="stmt" count="0"/>
      <line num="140" type="stmt" count="0"/>
      <line num="141" type="stmt" count="0"/>
      <line num="143" type="stmt" count="0"/>
      <line num="144" type="stmt" count="0"/>
      <line num="146" type="stmt" count="0"/>
      <line num="147" type="stmt" count="0"/>
      <line num="149" type="stmt" count="0"/>
      <line num="150" type="stmt" count="0"/>
      <line num="152" type="stmt" count="0"/>
      <line num="153" type="stmt" count="0"/>
      <line num="155" type="stmt" count="0"/>
      <line num="156" type="stmt" count="0"/>
      <line num="158" type="stmt" count="0"/>
      <line num="162" type="method" name="getIrData" visibility="private" complexity="1" crap="1" count="231"/>
      <line num="164" type="stmt" count="231"/>
      <line num="167" type="method" name="getIxData" visibility="private" complexity="1" crap="1" count="230"/>
      <line num="169" type="stmt" count="230"/>
      <line num="176" type="method" name="getHData" visibility="private" complexity="1" crap="1" count="229"/>
      <line num="178" type="stmt" count="229"/>
      <line num="186" type="method" name="getCodeFigureIr" visibility="private" complexity="1" crap="1" count="229"/>
      <line num="188" type="stmt" count="229"/>
      <line num="195" type="method" name="getCodeFigureIx" visibility="private" complexity="1" crap="1" count="229"/>
      <line num="197" type="stmt" count="229"/>
      <line num="204" type="method" name="getCodeFigureH" visibility="private" complexity="1" crap="1" count="229"/>
      <line num="206" type="stmt" count="229"/>
      <line num="214" type="method" name="getCodeFigureVV" visibility="private" complexity="1" crap="1" count="229"/>
      <line num="216" type="stmt" count="229"/>
      <metrics loc="219" ncloc="176" classes="1" methods="14" coveredmethods="11" conditionals="0" coveredconditionals="0" statements="60" coveredstatements="30" elements="74" coveredelements="41"/>
    </file>
    <file name="C:\OpenServerPanel\domains\synop.local\src\Decoder\GroupDecoder\MslPressureDecoder.php">
      <class name="Soandso\Synop\Decoder\GroupDecoder\MslPressureDecoder" namespace="global">
        <metrics complexity="7" methods="5" coveredmethods="4" conditionals="0" coveredconditionals="0" statements="17" coveredstatements="16" elements="22" coveredelements="20"/>
      </class>
      <line num="28" type="method" name="__construct" visibility="public" complexity="1" crap="1" count="210"/>
      <line num="30" type="stmt" count="210"/>
      <line num="39" type="method" name="isGroup" visibility="public" complexity="2" crap="2" count="201"/>
      <line num="41" type="stmt" count="201"/>
      <line num="43" type="stmt" count="201"/>
      <line num="44" type="stmt" count="200"/>
      <line num="45" type="stmt" count="200"/>
      <line num="48" type="stmt" count="1"/>
      <line num="55" type="method" name="getMslPressure" visibility="public" complexity="2" crap="2.01" count="202"/>
      <line num="57" type="stmt" count="202"/>
      <line num="58" type="stmt" count="202"/>
      <line num="60" type="stmt" count="202"/>
      <line num="61" type="stmt" count="202"/>
      <line num="62" type="stmt" count="202"/>
      <line num="63" type="stmt" count="202"/>
      <line num="64" type="stmt" count="0"/>
      <line num="66" type="stmt" count="202"/>
      <line num="69" type="stmt" count="202"/>
      <line num="77" type="method" name="getCodeFigureIndicator" visibility="private" complexity="1" crap="1" count="203"/>
      <line num="79" type="stmt" count="203"/>
      <line num="87" type="method" name="getCodeFigurePressure" visibility="private" complexity="1" crap="1" count="203"/>
      <line num="89" type="stmt" count="203"/>
      <metrics loc="92" ncloc="61" classes="1" methods="5" coveredmethods="4" conditionals="0" coveredconditionals="0" statements="17" coveredstatements="16" elements="22" coveredelements="20"/>
    </file>
    <file name="C:\OpenServerPanel\domains\synop.local\src\Decoder\GroupDecoder\PresentWeatherDecoder.php">
      <class name="Soandso\Synop\Decoder\GroupDecoder\PresentWeatherDecoder" namespace="global">
        <metrics complexity="13" methods="9" coveredmethods="7" conditionals="0" coveredconditionals="0" statements="22" coveredstatements="20" elements="31" coveredelements="27"/>
      </class>
      <line num="149" type="method" name="__construct" visibility="public" complexity="1" crap="1" count="207"/>
      <line num="151" type="stmt" count="207"/>
      <line num="160" type="method" name="isGroup" visibility="public" complexity="2" crap="2" count="186"/>
      <line num="162" type="stmt" count="186"/>
      <line num="164" type="stmt" count="186"/>
      <line num="165" type="stmt" count="185"/>
      <line num="166" type="stmt" count="185"/>
      <line num="169" type="stmt" count="1"/>
      <line num="177" type="method" name="getPresentWeatherSymbol" visibility="public" complexity="1" crap="1" count="187"/>
      <line num="179" type="stmt" count="187"/>
      <line num="187" type="method" name="getPresentWeather" visibility="public" complexity="2" crap="2.06" count="187"/>
      <line num="189" type="stmt" count="187"/>
      <line num="190" type="stmt" count="187"/>
      <line num="191" type="stmt" count="187"/>
      <line num="193" type="stmt" count="0"/>
      <line num="202" type="method" name="getPastWeatherSymbol" visibility="public" complexity="1" crap="1" count="187"/>
      <line num="204" type="stmt" count="187"/>
      <line num="212" type="method" name="getPastWeather" visibility="public" complexity="3" crap="3.03" count="187"/>
      <line num="214" type="stmt" count="187"/>
      <line num="215" type="stmt" count="187"/>
      <line num="216" type="stmt" count="187"/>
      <line num="218" type="stmt" count="187"/>
      <line num="219" type="stmt" count="187"/>
      <line num="220" type="stmt" count="187"/>
      <line num="222" type="stmt" count="0"/>
      <line num="231" type="method" name="getCodeFigureIndicator" visibility="private" complexity="1" crap="1" count="188"/>
      <line num="233" type="stmt" count="188"/>
      <line num="241" type="method" name="getCodeFigurePresentWeather" visibility="private" complexity="1" crap="1" count="188"/>
      <line num="243" type="stmt" count="188"/>
      <line num="251" type="method" name="getCodeFigurePastWeather" visibility="private" complexity="1" crap="1" count="188"/>
      <line num="253" type="stmt" count="188"/>
      <metrics loc="256" ncloc="198" classes="1" methods="9" coveredmethods="7" conditionals="0" coveredconditionals="0" statements="22" coveredstatements="20" elements="31" coveredelements="27"/>
    </file>
    <file name="C:\OpenServerPanel\domains\synop.local\src\Decoder\GroupDecoder\StLPressureDecoder.php">
      <class name="Soandso\Synop\Decoder\GroupDecoder\StLPressureDecoder" namespace="global">
        <metrics complexity="7" methods="5" coveredmethods="5" conditionals="0" coveredconditionals="0" statements="17" coveredstatements="17" elements="22" coveredelements="22"/>
      </class>
      <line num="29" type="method" name="__construct" visibility="public" complexity="1" crap="1" count="212"/>
      <line num="31" type="stmt" count="212"/>
      <line num="40" type="method" name="isGroup" visibility="public" complexity="2" crap="2" count="203"/>
      <line num="42" type="stmt" count="203"/>
      <line num="44" type="stmt" count="203"/>
      <line num="45" type="stmt" count="202"/>
      <line num="46" type="stmt" count="202"/>
      <line num="49" type="stmt" count="1"/>
      <line num="56" type="method" name="getStLPressure" visibility="public" complexity="2" crap="2" count="204"/>
      <line num="58" type="stmt" count="204"/>
      <line num="59" type="stmt" count="204"/>
      <line num="61" type="stmt" count="204"/>
      <line num="62" type="stmt" count="204"/>
      <line num="63" type="stmt" count="204"/>
      <line num="64" type="stmt" count="204"/>
      <line num="65" type="stmt" count="1"/>
      <line num="67" type="stmt" count="204"/>
      <line num="70" type="stmt" count="204"/>
      <line num="78" type="method" name="getCodeFigureIndicator" visibility="private" complexity="1" crap="1" count="204"/>
      <line num="80" type="stmt" count="204"/>
      <line num="88" type="method" name="getCodeFigurePressure" visibility="private" complexity="1" crap="1" count="206"/>
      <line num="90" type="stmt" count="206"/>
      <metrics loc="93" ncloc="61" classes="1" methods="5" coveredmethods="5" conditionals="0" coveredconditionals="0" statements="17" coveredstatements="17" elements="22" coveredelements="22"/>
    </file>
    <file name="C:\OpenServerPanel\domains\synop.local\src\Decoder\GroupDecoder\SunshineRadiationDataDecoder.php">
      <class name="Soandso\Synop\Decoder\GroupDecoder\SunshineRadiationDataDecoder" namespace="global">
        <metrics complexity="6" methods="5" coveredmethods="5" conditionals="0" coveredconditionals="0" statements="12" coveredstatements="12" elements="17" coveredelements="17"/>
      </class>
      <line num="27" type="method" name="__construct" visibility="public" complexity="1" crap="1" count="40"/>
      <line num="29" type="stmt" count="40"/>
      <line num="38" type="method" name="isGroup" visibility="public" complexity="2" crap="2" count="31"/>
      <line num="40" type="stmt" count="31"/>
      <line num="42" type="stmt" count="31"/>
      <line num="43" type="stmt" count="30"/>
      <line num="44" type="stmt" count="30"/>
      <line num="47" type="stmt" count="1"/>
      <line num="54" type="method" name="getCodeSunshineData" visibility="public" complexity="1" crap="1" count="36"/>
      <line num="56" type="stmt" count="36"/>
      <line num="63" type="method" name="getSunshineData" visibility="public" complexity="1" crap="1" count="32"/>
      <line num="65" type="stmt" count="32"/>
      <line num="66" type="stmt" count="32"/>
      <line num="67" type="stmt" count="32"/>
      <line num="69" type="stmt" count="32"/>
      <line num="72" type="method" name="getCodeFigureIndicator" visibility="private" complexity="1" crap="1" count="33"/>
      <line num="74" type="stmt" count="33"/>
      <metrics loc="77" ncloc="52" classes="1" methods="5" coveredmethods="5" conditionals="0" coveredconditionals="0" statements="12" coveredstatements="12" elements="17" coveredelements="17"/>
    </file>
    <file name="C:\OpenServerPanel\domains\synop.local\src\Decoder\GroupDecoder\TypeDecoder.php">
      <class name="Soandso\Synop\Decoder\GroupDecoder\TypeDecoder" namespace="global">
        <metrics complexity="9" methods="5" coveredmethods="4" conditionals="0" coveredconditionals="0" statements="14" coveredstatements="13" elements="19" coveredelements="17"/>
      </class>
      <line num="28" type="method" name="__construct" visibility="public" complexity="1" crap="1" count="210"/>
      <line num="30" type="stmt" count="210"/>
      <line num="36" type="method" name="isGroup" visibility="public" complexity="1" crap="1" count="206"/>
      <line num="38" type="stmt" count="206"/>
      <line num="45" type="method" name="getTypeValue" visibility="public" complexity="3" crap="3" count="210"/>
      <line num="47" type="stmt" count="210"/>
      <line num="48" type="stmt" count="210"/>
      <line num="49" type="stmt" count="206"/>
      <line num="53" type="stmt" count="4"/>
      <line num="60" type="method" name="getIsSynopValue" visibility="public" complexity="2" crap="2" count="206"/>
      <line num="62" type="stmt" count="206"/>
      <line num="63" type="stmt" count="206"/>
      <line num="64" type="stmt" count="1"/>
      <line num="67" type="stmt" count="205"/>
      <line num="74" type="method" name="getIsShipValue" visibility="public" complexity="2" crap="2.06" count="204"/>
      <line num="76" type="stmt" count="204"/>
      <line num="77" type="stmt" count="204"/>
      <line num="78" type="stmt" count="0"/>
      <line num="81" type="stmt" count="204"/>
      <metrics loc="83" ncloc="55" classes="1" methods="5" coveredmethods="4" conditionals="0" coveredconditionals="0" statements="14" coveredstatements="13" elements="19" coveredelements="17"/>
    </file>
    <file name="C:\OpenServerPanel\domains\synop.local\src\Decoder\SectionFiveDecoder.php">
      <class name="Soandso\Synop\Decoder\SectionFiveDecoder" namespace="global">
        <metrics complexity="40" methods="10" coveredmethods="10" conditionals="0" coveredconditionals="0" statements="79" coveredstatements="79" elements="89" coveredelements="89"/>
      </class>
      <line num="23" type="method" name="__construct" visibility="public" complexity="1" crap="1" count="207"/>
      <line num="25" type="stmt" count="207"/>
      <line num="26" type="stmt" count="207"/>
      <line num="27" type="stmt" count="207"/>
      <line num="30" type="method" name="isGroup" visibility="public" complexity="1" crap="1" count="203"/>
      <line num="32" type="stmt" count="203"/>
      <line num="35" type="method" name="parse" visibility="public" complexity="1" crap="1" count="184"/>
      <line num="37" type="stmt" count="184"/>
      <line num="40" type="method" name="putInSection" visibility="private" complexity="1" crap="1" count="7"/>
      <line num="42" type="stmt" count="7"/>
      <line num="44" type="stmt" count="7"/>
      <line num="47" type="method" name="get1SnT24T24T24" visibility="public" complexity="6" crap="6" count="186"/>
      <line num="49" type="stmt" count="186"/>
      <line num="50" type="stmt" count="186"/>
      <line num="51" type="stmt" count="186"/>
      <line num="52" type="stmt" count="186"/>
      <line num="53" type="stmt" count="184"/>
      <line num="56" type="stmt" count="2"/>
      <line num="57" type="stmt" count="2"/>
      <line num="58" type="stmt" count="2"/>
      <line num="63" type="stmt" count="2"/>
      <line num="64" type="stmt" count="1"/>
      <line num="65" type="stmt" count="1"/>
      <line num="67" type="stmt" count="1"/>
      <line num="71" type="method" name="get3SnTgTg" visibility="public" complexity="6" crap="6" count="186"/>
      <line num="73" type="stmt" count="186"/>
      <line num="74" type="stmt" count="186"/>
      <line num="75" type="stmt" count="186"/>
      <line num="76" type="stmt" count="186"/>
      <line num="77" type="stmt" count="183"/>
      <line num="80" type="stmt" count="3"/>
      <line num="81" type="stmt" count="3"/>
      <line num="82" type="stmt" count="3"/>
      <line num="87" type="stmt" count="3"/>
      <line num="88" type="stmt" count="1"/>
      <line num="89" type="stmt" count="1"/>
      <line num="91" type="stmt" count="2"/>
      <line num="95" type="method" name="get4Esss" visibility="public" complexity="6" crap="6" count="186"/>
      <line num="97" type="stmt" count="186"/>
      <line num="98" type="stmt" count="186"/>
      <line num="99" type="stmt" count="186"/>
      <line num="100" type="stmt" count="186"/>
      <line num="101" type="stmt" count="183"/>
      <line num="104" type="stmt" count="3"/>
      <line num="105" type="stmt" count="3"/>
      <line num="106" type="stmt" count="3"/>
      <line num="111" type="stmt" count="3"/>
      <line num="112" type="stmt" count="1"/>
      <line num="113" type="stmt" count="1"/>
      <line num="115" type="stmt" count="2"/>
      <line num="119" type="method" name="get6RRRtr" visibility="public" complexity="6" crap="6" count="186"/>
      <line num="121" type="stmt" count="186"/>
      <line num="122" type="stmt" count="186"/>
      <line num="123" type="stmt" count="186"/>
      <line num="124" type="stmt" count="186"/>
      <line num="125" type="stmt" count="183"/>
      <line num="128" type="stmt" count="3"/>
      <line num="129" type="stmt" count="3"/>
      <line num="130" type="stmt" count="3"/>
      <line num="135" type="stmt" count="3"/>
      <line num="136" type="stmt" count="1"/>
      <line num="137" type="stmt" count="1"/>
      <line num="139" type="stmt" count="2"/>
      <line num="143" type="method" name="get7R24R24R24E" visibility="public" complexity="6" crap="6" count="186"/>
      <line num="145" type="stmt" count="186"/>
      <line num="146" type="stmt" count="186"/>
      <line num="147" type="stmt" count="186"/>
      <line num="148" type="stmt" count="186"/>
      <line num="149" type="stmt" count="184"/>
      <line num="152" type="stmt" count="2"/>
      <line num="153" type="stmt" count="2"/>
      <line num="154" type="stmt" count="2"/>
      <line num="159" type="stmt" count="2"/>
      <line num="160" type="stmt" count="1"/>
      <line num="161" type="stmt" count="1"/>
      <line num="163" type="stmt" count="1"/>
      <line num="167" type="method" name="get9SpSpspsp" visibility="public" complexity="6" crap="6" count="186"/>
      <line num="169" type="stmt" count="186"/>
      <line num="170" type="stmt" count="186"/>
      <line num="171" type="stmt" count="186"/>
      <line num="172" type="stmt" count="186"/>
      <line num="173" type="stmt" count="3"/>
      <line num="176" type="stmt" count="183"/>
      <line num="177" type="stmt" count="183"/>
      <line num="178" type="stmt" count="183"/>
      <line num="183" type="stmt" count="183"/>
      <line num="184" type="stmt" count="1"/>
      <line num="185" type="stmt" count="1"/>
      <line num="187" type="stmt" count="182"/>
      <metrics loc="191" ncloc="180" classes="1" methods="10" coveredmethods="10" conditionals="0" coveredconditionals="0" statements="79" coveredstatements="79" elements="89" coveredelements="89"/>
    </file>
    <file name="C:\OpenServerPanel\domains\synop.local\src\Decoder\SectionFourDecoder.php">
      <class name="Soandso\Synop\Decoder\SectionFourDecoder" namespace="global">
        <metrics complexity="9" methods="5" coveredmethods="4" conditionals="0" coveredconditionals="0" statements="16" coveredstatements="15" elements="21" coveredelements="19"/>
      </class>
      <line num="23" type="method" name="__construct" visibility="public" complexity="1" crap="1" count="10"/>
      <line num="25" type="stmt" count="10"/>
      <line num="26" type="stmt" count="10"/>
      <line num="27" type="stmt" count="10"/>
      <line num="30" type="method" name="isGroup" visibility="public" complexity="1" crap="1" count="6"/>
      <line num="32" type="stmt" count="6"/>
      <line num="35" type="method" name="parse" visibility="public" complexity="1" crap="1" count="2"/>
      <line num="37" type="stmt" count="2"/>
      <line num="40" type="method" name="putInSection" visibility="private" complexity="1" crap="1" count="2"/>
      <line num="42" type="stmt" count="2"/>
      <line num="44" type="stmt" count="2"/>
      <line num="47" type="method" name="getNCHHCt" visibility="public" complexity="5" crap="5.03" count="4"/>
      <line num="49" type="stmt" count="4"/>
      <line num="50" type="stmt" count="4"/>
      <line num="51" type="stmt" count="4"/>
      <line num="52" type="stmt" count="4"/>
      <line num="53" type="stmt" count="3"/>
      <line num="56" type="stmt" count="1"/>
      <line num="57" type="stmt" count="1"/>
      <line num="58" type="stmt" count="1"/>
      <line num="63" type="stmt" count="0"/>
      <metrics loc="66" ncloc="60" classes="1" methods="5" coveredmethods="4" conditionals="0" coveredconditionals="0" statements="16" coveredstatements="15" elements="21" coveredelements="19"/>
    </file>
    <file name="C:\OpenServerPanel\domains\synop.local\src\Decoder\SectionThreeDecoder.php">
      <class name="Soandso\Synop\Decoder\SectionThreeDecoder" namespace="global">
        <metrics complexity="52" methods="12" coveredmethods="12" conditionals="0" coveredconditionals="0" statements="111" coveredstatements="111" elements="123" coveredelements="123"/>
      </class>
      <line num="47" type="method" name="__construct" visibility="public" complexity="1" crap="1" count="211"/>
      <line num="49" type="stmt" count="211"/>
      <line num="50" type="stmt" count="211"/>
      <line num="51" type="stmt" count="211"/>
      <line num="52" type="stmt" count="211"/>
      <line num="61" type="method" name="isGroup" visibility="public" complexity="1" crap="1" count="209"/>
      <line num="63" type="stmt" count="209"/>
      <line num="69" type="method" name="parse" visibility="public" complexity="1" crap="1" count="184"/>
      <line num="71" type="stmt" count="184"/>
      <line num="79" type="method" name="putInSection" visibility="private" complexity="1" crap="1" count="191"/>
      <line num="81" type="stmt" count="191"/>
      <line num="83" type="stmt" count="191"/>
      <line num="92" type="method" name="get1SnTxTxTx" visibility="public" complexity="6" crap="6" count="186"/>
      <line num="94" type="stmt" count="186"/>
      <line num="95" type="stmt" count="186"/>
      <line num="96" type="stmt" count="186"/>
      <line num="97" type="stmt" count="186"/>
      <line num="98" type="stmt" count="1"/>
      <line num="101" type="stmt" count="185"/>
      <line num="102" type="stmt" count="185"/>
      <line num="103" type="stmt" count="183"/>
      <line num="104" type="stmt" count="185"/>
      <line num="109" type="stmt" count="185"/>
      <line num="110" type="stmt" count="183"/>
      <line num="111" type="stmt" count="183"/>
      <line num="113" type="stmt" count="2"/>
      <line num="123" type="method" name="get2SnTnTnTn" visibility="public" complexity="6" crap="6" count="186"/>
      <line num="125" type="stmt" count="186"/>
      <line num="126" type="stmt" count="186"/>
      <line num="127" type="stmt" count="186"/>
      <line num="128" type="stmt" count="186"/>
      <line num="129" type="stmt" count="183"/>
      <line num="132" type="stmt" count="3"/>
      <line num="133" type="stmt" count="3"/>
      <line num="134" type="stmt" count="1"/>
      <line num="135" type="stmt" count="3"/>
      <line num="140" type="stmt" count="3"/>
      <line num="141" type="stmt" count="1"/>
      <line num="142" type="stmt" count="1"/>
      <line num="144" type="stmt" count="2"/>
      <line num="153" type="method" name="get3ESnTgTg" visibility="public" complexity="6" crap="6" count="186"/>
      <line num="155" type="stmt" count="186"/>
      <line num="156" type="stmt" count="186"/>
      <line num="157" type="stmt" count="186"/>
      <line num="158" type="stmt" count="186"/>
      <line num="159" type="stmt" count="183"/>
      <line num="162" type="stmt" count="3"/>
      <line num="163" type="stmt" count="3"/>
      <line num="164" type="stmt" count="1"/>
      <line num="165" type="stmt" count="3"/>
      <line num="170" type="stmt" count="3"/>
      <line num="171" type="stmt" count="1"/>
      <line num="172" type="stmt" count="1"/>
      <line num="174" type="stmt" count="2"/>
      <line num="183" type="method" name="get4Esss" visibility="public" complexity="6" crap="6" count="186"/>
      <line num="185" type="stmt" count="186"/>
      <line num="186" type="stmt" count="186"/>
      <line num="187" type="stmt" count="186"/>
      <line num="188" type="stmt" count="186"/>
      <line num="189" type="stmt" count="183"/>
      <line num="192" type="stmt" count="3"/>
      <line num="193" type="stmt" count="3"/>
      <line num="194" type="stmt" count="1"/>
      <line num="195" type="stmt" count="3"/>
      <line num="200" type="stmt" count="3"/>
      <line num="201" type="stmt" count="1"/>
      <line num="202" type="stmt" count="1"/>
      <line num="204" type="stmt" count="2"/>
      <line num="213" type="method" name="get55SSS" visibility="public" complexity="6" crap="6" count="186"/>
      <line num="215" type="stmt" count="186"/>
      <line num="216" type="stmt" count="186"/>
      <line num="217" type="stmt" count="186"/>
      <line num="218" type="stmt" count="186"/>
      <line num="219" type="stmt" count="183"/>
      <line num="222" type="stmt" count="3"/>
      <line num="223" type="stmt" count="3"/>
      <line num="224" type="stmt" count="1"/>
      <line num="225" type="stmt" count="3"/>
      <line num="230" type="stmt" count="3"/>
      <line num="231" type="stmt" count="1"/>
      <line num="232" type="stmt" count="1"/>
      <line num="234" type="stmt" count="2"/>
      <line num="243" type="method" name="get6RRRtr" visibility="public" complexity="6" crap="6" count="186"/>
      <line num="245" type="stmt" count="186"/>
      <line num="246" type="stmt" count="186"/>
      <line num="247" type="stmt" count="186"/>
      <line num="248" type="stmt" count="186"/>
      <line num="249" type="stmt" count="183"/>
      <line num="252" type="stmt" count="3"/>
      <line num="253" type="stmt" count="3"/>
      <line num="254" type="stmt" count="1"/>
      <line num="255" type="stmt" count="3"/>
      <line num="260" type="stmt" count="3"/>
      <line num="261" type="stmt" count="1"/>
      <line num="262" type="stmt" count="1"/>
      <line num="264" type="stmt" count="2"/>
      <line num="273" type="method" name="get8NsChshs" visibility="public" complexity="6" crap="6" count="186"/>
      <line num="275" type="stmt" count="186"/>
      <line num="276" type="stmt" count="186"/>
      <line num="277" type="stmt" count="186"/>
      <line num="278" type="stmt" count="186"/>
      <line num="279" type="stmt" count="183"/>
      <line num="282" type="stmt" count="3"/>
      <line num="283" type="stmt" count="3"/>
      <line num="284" type="stmt" count="1"/>
      <line num="285" type="stmt" count="3"/>
      <line num="290" type="stmt" count="3"/>
      <line num="291" type="stmt" count="1"/>
      <line num="292" type="stmt" count="1"/>
      <line num="294" type="stmt" count="2"/>
      <line num="302" type="method" name="get9SpSpspsp" visibility="public" complexity="6" crap="6" count="186"/>
      <line num="304" type="stmt" count="186"/>
      <line num="305" type="stmt" count="186"/>
      <line num="306" type="stmt" count="186"/>
      <line num="307" type="stmt" count="186"/>
      <line num="308" type="stmt" count="184"/>
      <line num="311" type="stmt" count="2"/>
      <line num="312" type="stmt" count="2"/>
      <line num="313" type="stmt" count="2"/>
      <line num="318" type="stmt" count="2"/>
      <line num="319" type="stmt" count="1"/>
      <line num="320" type="stmt" count="1"/>
      <line num="322" type="stmt" count="1"/>
      <metrics loc="326" ncloc="246" classes="1" methods="12" coveredmethods="12" conditionals="0" coveredconditionals="0" statements="111" coveredstatements="111" elements="123" coveredelements="123"/>
    </file>
    <file name="C:\OpenServerPanel\domains\synop.local\src\Decoder\SectionTwoDecoder.php">
      <class name="Soandso\Synop\Decoder\SectionTwoDecoder" namespace="global">
        <metrics complexity="60" methods="14" coveredmethods="3" conditionals="0" coveredconditionals="0" statements="120" coveredstatements="74" elements="134" coveredelements="77"/>
      </class>
      <line num="23" type="method" name="__construct" visibility="public" complexity="1" crap="1" count="3"/>
      <line num="25" type="stmt" count="3"/>
      <line num="26" type="stmt" count="3"/>
      <line num="27" type="stmt" count="3"/>
      <line num="36" type="method" name="isGroup" visibility="public" complexity="1" crap="1" count="1"/>
      <line num="38" type="stmt" count="1"/>
      <line num="41" type="method" name="parse" visibility="public" complexity="1" crap="1" count="1"/>
      <line num="43" type="stmt" count="1"/>
      <line num="46" type="method" name="putInSection" visibility="private" complexity="1" crap="2" count="0"/>
      <line num="48" type="stmt" count="0"/>
      <line num="50" type="stmt" count="0"/>
      <line num="53" type="method" name="get222DsVs" visibility="public" complexity="6" crap="6.56" count="1"/>
      <line num="55" type="stmt" count="1"/>
      <line num="56" type="stmt" count="1"/>
      <line num="57" type="stmt" count="1"/>
      <line num="58" type="stmt" count="1"/>
      <line num="59" type="stmt" count="0"/>
      <line num="62" type="stmt" count="1"/>
      <line num="63" type="stmt" count="1"/>
      <line num="64" type="stmt" count="1"/>
      <line num="69" type="stmt" count="1"/>
      <line num="70" type="stmt" count="0"/>
      <line num="71" type="stmt" count="0"/>
      <line num="73" type="stmt" count="1"/>
      <line num="77" type="method" name="get0SnTwTwTw" visibility="public" complexity="6" crap="13.15" count="1"/>
      <line num="79" type="stmt" count="1"/>
      <line num="80" type="stmt" count="1"/>
      <line num="81" type="stmt" count="1"/>
      <line num="82" type="stmt" count="1"/>
      <line num="83" type="stmt" count="1"/>
      <line num="86" type="stmt" count="0"/>
      <line num="87" type="stmt" count="0"/>
      <line num="88" type="stmt" count="0"/>
      <line num="93" type="stmt" count="0"/>
      <line num="94" type="stmt" count="0"/>
      <line num="95" type="stmt" count="0"/>
      <line num="97" type="stmt" count="0"/>
      <line num="101" type="method" name="get1PwaPwaHwaHwa" visibility="public" complexity="6" crap="6.56" count="1"/>
      <line num="103" type="stmt" count="1"/>
      <line num="104" type="stmt" count="1"/>
      <line num="105" type="stmt" count="1"/>
      <line num="106" type="stmt" count="1"/>
      <line num="107" type="stmt" count="0"/>
      <line num="110" type="stmt" count="1"/>
      <line num="111" type="stmt" count="1"/>
      <line num="112" type="stmt" count="1"/>
      <line num="117" type="stmt" count="1"/>
      <line num="118" type="stmt" count="0"/>
      <line num="119" type="stmt" count="0"/>
      <line num="121" type="stmt" count="1"/>
      <line num="125" type="method" name="get2PwPwHwHw" visibility="public" complexity="6" crap="6.56" count="1"/>
      <line num="127" type="stmt" count="1"/>
      <line num="128" type="stmt" count="1"/>
      <line num="129" type="stmt" count="1"/>
      <line num="130" type="stmt" count="1"/>
      <line num="131" type="stmt" count="0"/>
      <line num="134" type="stmt" count="1"/>
      <line num="135" type="stmt" count="1"/>
      <line num="136" type="stmt" count="1"/>
      <line num="141" type="stmt" count="1"/>
      <line num="142" type="stmt" count="0"/>
      <line num="143" type="stmt" count="0"/>
      <line num="145" type="stmt" count="1"/>
      <line num="149" type="method" name="get3dw1dw1dw2dw2" visibility="public" complexity="6" crap="6.56" count="1"/>
      <line num="151" type="stmt" count="1"/>
      <line num="152" type="stmt" count="1"/>
      <line num="153" type="stmt" count="1"/>
      <line num="154" type="stmt" count="1"/>
      <line num="155" type="stmt" count="0"/>
      <line num="158" type="stmt" count="1"/>
      <line num="159" type="stmt" count="1"/>
      <line num="160" type="stmt" count="1"/>
      <line num="165" type="stmt" count="1"/>
      <line num="166" type="stmt" count="0"/>
      <line num="167" type="stmt" count="0"/>
      <line num="169" type="stmt" count="1"/>
      <line num="173" type="method" name="get4Pw1Pw1Hw1Hw1" visibility="public" complexity="6" crap="6.56" count="1"/>
      <line num="175" type="stmt" count="1"/>
      <line num="176" type="stmt" count="1"/>
      <line num="177" type="stmt" count="1"/>
      <line num="178" type="stmt" count="1"/>
      <line num="179" type="stmt" count="0"/>
      <line num="182" type="stmt" count="1"/>
      <line num="183" type="stmt" count="1"/>
      <line num="184" type="stmt" count="1"/>
      <line num="189" type="stmt" count="1"/>
      <line num="190" type="stmt" count="0"/>
      <line num="191" type="stmt" count="0"/>
      <line num="193" type="stmt" count="1"/>
      <line num="197" type="method" name="get5Pw2Pw2Hw2Hw2" visibility="public" complexity="6" crap="6.56" count="1"/>
      <line num="199" type="stmt" count="1"/>
      <line num="200" type="stmt" count="1"/>
      <line num="201" type="stmt" count="1"/>
      <line num="202" type="stmt" count="1"/>
[...]
      <line num="27" type="stmt" count="4"/>
      <line num="35" type="method" name="setData" visibility="public" complexity="2" crap="2" count="4"/>
      <line num="37" type="stmt" count="4"/>
      <line num="38" type="stmt" count="4"/>
      <line num="39" type="stmt" count="4"/>
      <line num="40" type="stmt" count="4"/>
      <line num="42" type="stmt" count="1"/>
      <metrics loc="46" ncloc="32" classes="1" methods="2" coveredmethods="2" conditionals="0" coveredconditionals="0" statements="6" coveredstatements="6" elements="8" coveredelements="8"/>
    </file>
    <file name="C:\OpenServerPanel\domains\synop.local\src\Sheme\MslPressureGroup.php">
      <class name="Soandso\Synop\Sheme\MslPressureGroup" namespace="global">
        <metrics complexity="12" methods="9" coveredmethods="9" conditionals="0" coveredconditionals="0" statements="18" coveredstatements="18" elements="27" coveredelements="27"/>
      </class>
      <line num="38" type="method" name="__construct" visibility="public" complexity="1" crap="1" count="199"/>
      <line num="40" type="stmt" count="199"/>
      <line num="41" type="stmt" count="199"/>
      <line num="44" type="method" name="setData" visibility="public" complexity="2" crap="2" count="199"/>
      <line num="46" type="stmt" count="199"/>
      <line num="47" type="stmt" count="199"/>
      <line num="48" type="stmt" count="199"/>
      <line num="49" type="stmt" count="199"/>
      <line num="51" type="stmt" count="1"/>
      <line num="58" type="method" name="setDecoder" visibility="public" complexity="1" crap="1" count="199"/>
      <line num="60" type="stmt" count="199"/>
      <line num="67" type="method" name="setPressureValue" visibility="public" complexity="1" crap="1" count="2"/>
      <line num="69" type="stmt" count="2"/>
      <line num="75" type="method" name="getDecoder" visibility="public" complexity="1" crap="1" count="199"/>
      <line num="77" type="stmt" count="199"/>
      <line num="84" type="method" name="getPressureValue" visibility="public" complexity="1" crap="1" count="3"/>
      <line num="86" type="stmt" count="3"/>
      <line num="94" type="method" name="setMslPressureGroup" visibility="public" complexity="2" crap="2" count="199"/>
      <line num="96" type="stmt" count="199"/>
      <line num="97" type="stmt" count="199"/>
      <line num="99" type="stmt" count="1"/>
      <line num="109" type="method" name="isMslPressureGroup" visibility="public" complexity="1" crap="1" count="199"/>
      <line num="111" type="stmt" count="199"/>
      <line num="118" type="method" name="setMslPressure" visibility="public" complexity="2" crap="2" count="199"/>
      <line num="120" type="stmt" count="199"/>
      <line num="121" type="stmt" count="2"/>
      <line num="123" type="stmt" count="199"/>
      <metrics loc="127" ncloc="81" classes="1" methods="9" coveredmethods="9" conditionals="0" coveredconditionals="0" statements="18" coveredstatements="18" elements="27" coveredelements="27"/>
    </file>
    <file name="C:\OpenServerPanel\domains\synop.local\src\Sheme\PresentWeatherGroup.php">
      <class name="Soandso\Synop\Sheme\PresentWeatherGroup" namespace="global">
        <metrics complexity="24" methods="18" coveredmethods="8" conditionals="0" coveredconditionals="0" statements="38" coveredstatements="25" elements="56" coveredelements="33"/>
      </class>
      <line num="51" type="method" name="__construct" visibility="public" complexity="1" crap="1" count="184"/>
      <line num="53" type="stmt" count="184"/>
      <line num="60" type="method" name="setData" visibility="public" complexity="2" crap="2.03" count="184"/>
      <line num="62" type="stmt" count="184"/>
      <line num="63" type="stmt" count="184"/>
      <line num="64" type="stmt" count="184"/>
      <line num="65" type="stmt" count="184"/>
      <line num="67" type="stmt" count="0"/>
      <line num="74" type="method" name="setDecoder" visibility="public" complexity="1" crap="1" count="184"/>
      <line num="76" type="stmt" count="184"/>
      <line num="83" type="method" name="setPresentWeatherSymbolValue" visibility="public" complexity="1" crap="1" count="184"/>
      <line num="85" type="stmt" count="184"/>
      <line num="92" type="method" name="setPresentWeatherValue" visibility="public" complexity="1" crap="1" count="184"/>
      <line num="94" type="stmt" count="184"/>
      <line num="101" type="method" name="setPastWeatherSymbolValue" visibility="public" complexity="1" crap="1" count="184"/>
      <line num="103" type="stmt" count="184"/>
      <line num="110" type="method" name="setPastWeatherValue" visibility="public" complexity="1" crap="1" count="184"/>
      <line num="112" type="stmt" count="184"/>
      <line num="118" type="method" name="getDecoder" visibility="public" complexity="1" crap="1" count="184"/>
      <line num="120" type="stmt" count="184"/>
      <line num="127" type="method" name="getPresentWeatherSymbolValue" visibility="public" complexity="1" crap="2" count="0"/>
      <line num="129" type="stmt" count="0"/>
      <line num="136" type="method" name="getPresentWeatherValue" visibility="public" complexity="1" crap="2" count="0"/>
      <line num="138" type="stmt" count="0"/>
      <line num="145" type="method" name="getPastWeatherSymbolValue" visibility="public" complexity="1" crap="2" count="0"/>
      <line num="147" type="stmt" count="0"/>
      <line num="154" type="method" name="getPastWeatherValue" visibility="public" complexity="1" crap="2" count="0"/>
      <line num="156" type="stmt" count="0"/>
      <line num="164" type="method" name="setPresentWeatherGroup" visibility="public" complexity="2" crap="2.35" count="184"/>
      <line num="166" type="stmt" count="184"/>
      <line num="167" type="stmt" count="184"/>
      <line num="168" type="stmt" count="184"/>
      <line num="169" type="stmt" count="184"/>
      <line num="170" type="stmt" count="184"/>
      <line num="172" type="stmt" count="0"/>
      <line num="173" type="stmt" count="0"/>
      <line num="174" type="stmt" count="0"/>
      <line num="175" type="stmt" count="0"/>
      <line num="184" type="method" name="isPresentWeatherGroup" visibility="public" complexity="1" crap="1" count="184"/>
      <line num="186" type="stmt" count="184"/>
      <line num="193" type="method" name="setPresentWeatherSymbol" visibility="public" complexity="2" crap="2.15" count="184"/>
      <line num="195" type="stmt" count="184"/>
      <line num="196" type="stmt" count="0"/>
      <line num="198" type="stmt" count="184"/>
      <line num="206" type="method" name="setPresentWeather" visibility="public" complexity="2" crap="2.15" count="184"/>
      <line num="208" type="stmt" count="184"/>
      <line num="209" type="stmt" count="0"/>
      <line num="211" type="stmt" count="184"/>
      <line num="219" type="method" name="setPastWeatherSymbol" visibility="public" complexity="2" crap="2.15" count="184"/>
      <line num="221" type="stmt" count="184"/>
      <line num="222" type="stmt" count="0"/>
      <line num="224" type="stmt" count="184"/>
      <line num="232" type="method" name="setPastWeather" visibility="public" complexity="2" crap="2.15" count="184"/>
      <line num="234" type="stmt" count="184"/>
      <line num="235" type="stmt" count="0"/>
      <line num="237" type="stmt" count="184"/>
      <metrics loc="241" ncloc="148" classes="1" methods="18" coveredmethods="8" conditionals="0" coveredconditionals="0" statements="38" coveredstatements="25" elements="56" coveredelements="33"/>
    </file>
    <file name="C:\OpenServerPanel\domains\synop.local\src\Sheme\RegionalExchangeAmountRainfallGroup.php">
      <class name="Soandso\Synop\Sheme\RegionalExchangeAmountRainfallGroup" namespace="global">
        <metrics complexity="3" methods="2" coveredmethods="2" conditionals="0" coveredconditionals="0" statements="6" coveredstatements="6" elements="8" coveredelements="8"/>
      </class>
      <line num="25" type="method" name="__construct" visibility="public" complexity="1" crap="1" count="4"/>
      <line num="27" type="stmt" count="4"/>
      <line num="35" type="method" name="setData" visibility="public" complexity="2" crap="2" count="4"/>
      <line num="37" type="stmt" count="4"/>
      <line num="38" type="stmt" count="4"/>
      <line num="39" type="stmt" count="4"/>
      <line num="40" type="stmt" count="4"/>
      <line num="42" type="stmt" count="1"/>
      <metrics loc="46" ncloc="30" classes="1" methods="2" coveredmethods="2" conditionals="0" coveredconditionals="0" statements="6" coveredstatements="6" elements="8" coveredelements="8"/>
    </file>
    <file name="C:\OpenServerPanel\domains\synop.local\src\Sheme\Section.php">
      <class name="Soandso\Synop\Sheme\Section" namespace="global">
        <metrics complexity="11" methods="6" coveredmethods="6" conditionals="0" coveredconditionals="0" statements="14" coveredstatements="14" elements="20" coveredelements="20"/>
      </class>
      <line num="25" type="method" name="__construct" visibility="public" complexity="1" crap="1" count="487"/>
      <line num="27" type="stmt" count="487"/>
      <line num="35" type="method" name="setTitle" visibility="public" complexity="2" crap="2" count="487"/>
      <line num="37" type="stmt" count="487"/>
      <line num="38" type="stmt" count="487"/>
      <line num="40" type="stmt" count="1"/>
      <line num="49" type="method" name="getTitle" visibility="public" complexity="3" crap="3" count="4"/>
      <line num="51" type="stmt" count="4"/>
      <line num="52" type="stmt" count="3"/>
      <line num="54" type="stmt" count="1"/>
      <line num="62" type="method" name="setBody" visibility="public" complexity="1" crap="1" count="439"/>
      <line num="64" type="stmt" count="439"/>
      <line num="71" type="method" name="getBody" visibility="public" complexity="1" crap="1" count="362"/>
      <line num="73" type="stmt" count="362"/>
      <line num="81" type="method" name="getBodyByTitle" visibility="public" complexity="3" crap="3" count="361"/>
      <line num="83" type="stmt" count="361"/>
      <line num="84" type="stmt" count="361"/>
      <line num="85" type="stmt" count="361"/>
      <line num="86" type="stmt" count="305"/>
      <line num="90" type="stmt" count="58"/>
      <metrics loc="93" ncloc="59" classes="1" methods="6" coveredmethods="6" conditionals="0" coveredconditionals="0" statements="14" coveredstatements="14" elements="20" coveredelements="20"/>
    </file>
    <file name="C:\OpenServerPanel\domains\synop.local\src\Sheme\SectionInterface.php">
      <metrics loc="71" ncloc="17" classes="0" methods="0" coveredmethods="0" conditionals="0" coveredconditionals="0" statements="0" coveredstatements="0" elements="0" coveredelements="0"/>
    </file>
    <file name="C:\OpenServerPanel\domains\synop.local\src\Sheme\StLPressureGroup.php">
      <class name="Soandso\Synop\Sheme\StLPressureGroup" namespace="global">
        <metrics complexity="12" methods="9" coveredmethods="9" conditionals="0" coveredconditionals="0" statements="18" coveredstatements="18" elements="27" coveredelements="27"/>
      </class>
      <line num="38" type="method" name="__construct" visibility="public" complexity="1" crap="1" count="201"/>
      <line num="40" type="stmt" count="201"/>
      <line num="41" type="stmt" count="201"/>
      <line num="44" type="method" name="setData" visibility="public" complexity="2" crap="2" count="201"/>
      <line num="46" type="stmt" count="201"/>
      <line num="47" type="stmt" count="201"/>
      <line num="48" type="stmt" count="201"/>
      <line num="49" type="stmt" count="201"/>
      <line num="51" type="stmt" count="1"/>
      <line num="58" type="method" name="setDecoder" visibility="public" complexity="1" crap="1" count="201"/>
      <line num="60" type="stmt" count="201"/>
      <line num="67" type="method" name="setPressureValue" visibility="public" complexity="1" crap="1" count="3"/>
      <line num="69" type="stmt" count="3"/>
      <line num="75" type="method" name="getDecoder" visibility="public" complexity="1" crap="1" count="201"/>
      <line num="77" type="stmt" count="201"/>
      <line num="84" type="method" name="getPressureValue" visibility="public" complexity="1" crap="1" count="3"/>
      <line num="86" type="stmt" count="3"/>
      <line num="94" type="method" name="setStLPressureGroup" visibility="public" complexity="2" crap="2" count="201"/>
      <line num="96" type="stmt" count="201"/>
      <line num="97" type="stmt" count="201"/>
      <line num="99" type="stmt" count="1"/>
      <line num="109" type="method" name="isStLPressureGroup" visibility="public" complexity="1" crap="1" count="201"/>
      <line num="111" type="stmt" count="201"/>
      <line num="118" type="method" name="setStLPressure" visibility="public" complexity="2" crap="2" count="201"/>
      <line num="120" type="stmt" count="201"/>
      <line num="121" type="stmt" count="2"/>
      <line num="123" type="stmt" count="201"/>
      <metrics loc="127" ncloc="81" classes="1" methods="9" coveredmethods="9" conditionals="0" coveredconditionals="0" statements="18" coveredstatements="18" elements="27" coveredelements="27"/>
    </file>
    <file name="C:\OpenServerPanel\domains\synop.local\src\Sheme\SunshineRadiationDataGroup.php">
      <class name="Soandso\Synop\Sheme\SunshineRadiationDataGroup" namespace="global">
        <metrics complexity="18" methods="14" coveredmethods="14" conditionals="0" coveredconditionals="0" statements="27" coveredstatements="27" elements="41" coveredelements="41"/>
      </class>
      <line num="43" type="method" name="__construct" visibility="public" complexity="1" crap="1" count="29"/>
      <line num="45" type="stmt" count="29"/>
      <line num="46" type="stmt" count="29"/>
      <line num="54" type="method" name="setData" visibility="public" complexity="2" crap="2" count="29"/>
      <line num="56" type="stmt" count="29"/>
      <line num="57" type="stmt" count="29"/>
      <line num="58" type="stmt" count="29"/>
      <line num="59" type="stmt" count="29"/>
      <line num="61" type="stmt" count="1"/>
      <line num="69" type="method" name="setRawSunshineRadiation" visibility="public" complexity="1" crap="1" count="29"/>
      <line num="71" type="stmt" count="29"/>
      <line num="78" type="method" name="setDecoder" visibility="public" complexity="1" crap="1" count="29"/>
      <line num="80" type="stmt" count="29"/>
      <line num="87" type="method" name="setCodeSunshineValue" visibility="public" complexity="1" crap="1" count="29"/>
      <line num="89" type="stmt" count="29"/>
      <line num="96" type="method" name="setSunshineValue" visibility="public" complexity="1" crap="1" count="29"/>
      <line num="98" type="stmt" count="29"/>
      <line num="105" type="method" name="getRawSunshineRadiation" visibility="public" complexity="1" crap="1" count="29"/>
      <line num="107" type="stmt" count="29"/>
      <line num="114" type="method" name="getDecoder" visibility="public" complexity="1" crap="1" count="29"/>
      <line num="116" type="stmt" count="29"/>
      <line num="123" type="method" name="getCodeSunshineValue" visibility="public" complexity="1" crap="1" count="3"/>
      <line num="125" type="stmt" count="3"/>
      <line num="132" type="method" name="getSunshineValue" visibility="public" complexity="1" crap="1" count="2"/>
      <line num="134" type="stmt" count="2"/>
      <line num="141" type="method" name="setSunshineRadiationGroup" visibility="public" complexity="2" crap="2" count="29"/>
      <line num="143" type="stmt" count="29"/>
      <line num="144" type="stmt" count="29"/>
      <line num="145" type="stmt" count="29"/>
      <line num="147" type="stmt" count="1"/>
      <line num="148" type="stmt" count="1"/>
      <line num="158" type="method" name="isSunshineRadiationGroup" visibility="public" complexity="1" crap="1" count="29"/>
      <line num="160" type="stmt" count="29"/>
      <line num="167" type="method" name="setCodeSunshine" visibility="public" complexity="2" crap="2" count="29"/>
      <line num="169" type="stmt" count="29"/>
      <line num="170" type="stmt" count="2"/>
      <line num="172" type="stmt" count="29"/>
      <line num="180" type="method" name="setSunshine" visibility="public" complexity="2" crap="2" count="29"/>
      <line num="182" type="stmt" count="29"/>
      <line num="183" type="stmt" count="2"/>
      <line num="185" type="stmt" count="29"/>
      <metrics loc="189" ncloc="114" classes="1" methods="14" coveredmethods="14" conditionals="0" coveredconditionals="0" statements="27" coveredstatements="27" elements="41" coveredelements="41"/>
    </file>
    <file name="C:\OpenServerPanel\domains\synop.local\src\Sheme\TypeGroup.php">
      <class name="Soandso\Synop\Sheme\TypeGroup" namespace="global">
        <metrics complexity="16" methods="12" coveredmethods="11" conditionals="0" coveredconditionals="0" statements="24" coveredstatements="23" elements="36" coveredelements="34"/>
      </class>
      <line num="46" type="method" name="__construct" visibility="public" complexity="1" crap="1" count="204"/>
      <line num="48" type="stmt" count="204"/>
      <line num="54" type="method" name="setDecoder" visibility="public" complexity="1" crap="1" count="204"/>
      <line num="56" type="stmt" count="204"/>
      <line num="62" type="method" name="setData" visibility="public" complexity="2" crap="2.03" count="204"/>
      <line num="64" type="stmt" count="204"/>
      <line num="65" type="stmt" count="204"/>
      <line num="66" type="stmt" count="204"/>
      <line num="67" type="stmt" count="204"/>
      <line num="69" type="stmt" count="0"/>
      <line num="76" type="method" name="getDecoder" visibility="public" complexity="1" crap="1" count="204"/>
      <line num="78" type="stmt" count="204"/>
      <line num="81" type="method" name="setTypeGroup" visibility="public" complexity="2" crap="2" count="204"/>
      <line num="83" type="stmt" count="204"/>
      <line num="84" type="stmt" count="204"/>
      <line num="85" type="stmt" count="204"/>
      <line num="86" type="stmt" count="204"/>
      <line num="88" type="stmt" count="2"/>
      <line num="96" type="method" name="setType" visibility="public" complexity="1" crap="1" count="204"/>
      <line num="98" type="stmt" count="204"/>
      <line num="105" type="method" name="setSynop" visibility="public" complexity="1" crap="1" count="204"/>
      <line num="107" type="stmt" count="204"/>
      <line num="114" type="method" name="setShip" visibility="public" complexity="1" crap="1" count="204"/>
      <line num="116" type="stmt" count="204"/>
      <line num="123" type="method" name="getType" visibility="public" complexity="1" crap="1" count="4"/>
      <line num="125" type="stmt" count="4"/>
      <line num="133" type="method" name="isSynop" visibility="public" complexity="2" crap="2" count="186"/>
      <line num="135" type="stmt" count="186"/>
      <line num="136" type="stmt" count="1"/>
      <line num="139" type="stmt" count="185"/>
      <line num="147" type="method" name="isShip" visibility="public" complexity="2" crap="2" count="186"/>
      <line num="149" type="stmt" count="186"/>
      <line num="150" type="stmt" count="1"/>
      <line num="153" type="stmt" count="185"/>
      <line num="162" type="method" name="isTypeGroup" visibility="public" complexity="1" crap="1" count="204"/>
      <line num="164" type="stmt" count="204"/>
      <metrics loc="167" ncloc="104" classes="1" methods="12" coveredmethods="11" conditionals="0" coveredconditionals="0" statements="24" coveredstatements="23" elements="36" coveredelements="34"/>
    </file>
    <metrics files="67" loc="11284" ncloc="7608" classes="52" methods="678" coveredmethods="593" conditionals="0" coveredconditionals="0" statements="2245" coveredstatements="2082" elements="2923" coveredelements="2675"/>
  </project>
</coverage>
